2025-01-17 06:36:06,439 - INFO - Starting the dynamic message generator.
2025-01-17 06:36:06,439 - INFO - Generated: Someone saw funny a trick!
2025-01-17 06:36:09,440 - INFO - Generated: Someone tried funny a story!
2025-01-17 06:36:12,442 - INFO - Generated: Someone saw exciting a meme!
2025-01-17 06:36:15,450 - INFO - Generated: Someone saw weird an app!
2025-01-17 06:36:18,453 - INFO - Generated: Someone saw amazing a trick!
2025-01-17 06:36:21,480 - INFO - Generated: Someone tried weird an app!
2025-01-17 06:36:24,484 - INFO - Generated: Someone found exciting a meme!
2025-01-17 06:36:27,486 - INFO - Generated: Someone loved amazing a story!
2025-01-17 06:36:30,510 - INFO - Generated: Someone shared boring an app!
2025-01-17 06:36:33,512 - INFO - Generated: Someone shared amazing a story!
2025-01-17 06:36:36,512 - INFO - Generated: Someone shared exciting a trick!
2025-01-17 06:36:39,514 - INFO - Generated: Someone tried amazing a trick!
2025-01-17 06:36:42,517 - INFO - Generated: Someone tried weird a movie!
2025-01-17 06:36:45,519 - INFO - Generated: Someone loved exciting a story!
2025-01-17 06:36:48,522 - INFO - Generated: Someone found boring a story!
2025-01-17 06:36:51,523 - INFO - Generated: Someone tried amazing a trick!
2025-01-17 06:36:54,524 - INFO - Generated: Someone tried funny a story!
2025-01-17 06:36:57,526 - INFO - Generated: Someone tried exciting an app!
2025-01-17 06:37:00,528 - INFO - Generated: Someone tried boring an app!
2025-01-17 06:37:03,530 - INFO - Generated: Someone loved weird a story!
2025-01-17 06:37:06,535 - INFO - Generated: Someone shared boring a story!
2025-01-17 06:37:09,539 - INFO - Generated: Someone found exciting a trick!
2025-01-17 06:37:12,542 - INFO - Generated: Someone tried weird a movie!
2025-01-17 06:37:15,544 - INFO - Generated: Someone tried boring a story!
2025-01-17 06:37:18,548 - INFO - Generated: Someone shared weird a story!
2025-01-17 06:37:21,553 - INFO - Generated: Someone tried exciting a trick!
2025-01-17 06:37:24,557 - INFO - Generated: Someone saw weird a movie!
2025-01-17 06:37:27,558 - INFO - Generated: Someone found amazing a story!
2025-01-17 06:37:30,559 - INFO - Generated: Someone saw amazing an app!
2025-01-17 06:37:33,560 - INFO - Generated: Someone shared funny an app!
2025-01-17 06:37:36,566 - INFO - Generated: Someone loved exciting a trick!
2025-01-17 06:37:39,571 - INFO - Generated: Someone found exciting an app!
2025-01-17 06:37:42,574 - INFO - Generated: Someone found funny a meme!
2025-01-17 06:37:45,576 - INFO - Generated: Someone saw weird a trick!
2025-01-17 06:37:48,578 - INFO - Generated: Someone shared funny a story!
2025-01-17 06:37:51,600 - INFO - Generated: Someone tried boring an app!
2025-01-17 06:37:54,629 - INFO - Generated: Someone shared amazing a story!
2025-01-17 06:37:57,630 - INFO - Generated: Someone loved funny a story!
2025-01-17 06:38:00,632 - INFO - Generated: Someone found exciting a movie!
2025-01-17 06:38:03,633 - INFO - Generated: Someone loved boring a meme!
2025-01-17 06:38:06,637 - INFO - Generated: Someone saw funny a story!
2025-01-17 06:38:09,641 - INFO - Generated: Someone loved boring an app!
2025-01-17 06:38:12,643 - INFO - Generated: Someone tried exciting an app!
2025-01-17 06:38:15,644 - INFO - Generated: Someone shared amazing an app!
2025-01-17 06:38:18,646 - INFO - Generated: Someone loved funny a story!
2025-01-17 06:38:21,647 - INFO - Generated: Someone saw weird a story!
2025-01-17 06:38:24,652 - INFO - Generated: Someone tried boring an app!
2025-01-17 06:38:27,653 - INFO - Generated: Someone tried boring a meme!
2025-01-17 06:38:30,656 - INFO - Generated: Someone shared boring a story!
2025-01-17 06:38:33,658 - INFO - Generated: Someone tried funny a story!
2025-01-17 06:38:36,691 - INFO - Generated: Someone found boring a movie!
2025-01-17 06:38:39,727 - INFO - Generated: Someone loved exciting a movie!
2025-01-17 06:38:42,728 - INFO - Generated: Someone tried amazing a movie!
2025-01-17 06:38:45,729 - INFO - Generated: Someone tried amazing a meme!
2025-01-17 06:38:48,731 - INFO - Generated: Someone saw amazing a trick!
2025-01-17 06:38:51,732 - INFO - Generated: Someone shared amazing a story!
2025-01-17 06:38:54,734 - INFO - Generated: Someone found weird an app!
2025-01-17 06:38:57,735 - INFO - Generated: Someone loved amazing a story!
2025-01-17 06:39:00,744 - INFO - Generated: Someone found weird a story!
2025-01-17 06:39:03,746 - INFO - Generated: Someone loved weird a story!
2025-01-17 06:39:06,747 - INFO - Generated: Someone found weird a story!
2025-01-17 06:39:09,749 - INFO - Generated: Someone shared exciting a movie!
2025-01-17 06:39:12,753 - INFO - Generated: Someone shared amazing a trick!
2025-01-17 06:39:15,754 - INFO - Generated: Someone found exciting a story!
2025-01-17 06:39:18,756 - INFO - Generated: Someone saw exciting a trick!
2025-01-17 06:39:21,758 - INFO - Generated: Someone saw amazing a trick!
2025-01-17 06:39:24,811 - INFO - Generated: Someone saw weird a movie!
2025-01-17 06:39:27,813 - INFO - Generated: Someone loved boring a meme!
2025-01-17 06:39:30,838 - INFO - Generated: Someone found weird a trick!
2025-01-17 06:39:33,840 - INFO - Generated: Someone shared weird an app!
2025-01-17 06:39:36,878 - INFO - Generated: Someone saw amazing a meme!
2025-01-17 06:39:39,880 - INFO - Generated: Someone saw exciting a meme!
2025-01-17 06:39:42,897 - INFO - Generated: Someone shared boring a story!
2025-01-17 06:39:45,898 - INFO - Generated: Someone shared funny a meme!
2025-01-17 06:39:48,899 - INFO - Generated: Someone found exciting a trick!
2025-01-17 06:39:51,900 - INFO - Generated: Someone found exciting a movie!
2025-01-17 06:39:54,903 - INFO - Generated: Someone found weird a story!
2025-01-17 06:39:57,905 - INFO - Generated: Someone tried amazing an app!
2025-01-17 06:40:00,906 - INFO - Generated: Someone loved weird a movie!
2025-01-17 06:40:03,907 - INFO - Generated: Someone saw exciting a trick!
2025-01-17 06:40:06,909 - INFO - Generated: Someone saw amazing a trick!
2025-01-17 06:40:09,912 - INFO - Generated: Someone shared boring a trick!
2025-01-17 06:40:12,913 - INFO - Generated: Someone loved weird a meme!
2025-01-17 06:40:15,916 - INFO - Generated: Someone saw weird a trick!
2025-01-17 06:40:18,918 - INFO - Generated: Someone shared boring a movie!
2025-01-17 06:40:21,919 - INFO - Generated: Someone tried amazing a movie!
2025-01-17 06:40:24,920 - INFO - Generated: Someone tried weird a trick!
2025-01-17 06:40:27,922 - INFO - Generated: Someone loved funny a trick!
2025-01-17 06:40:30,927 - INFO - Generated: Someone shared funny a trick!
2025-01-17 06:40:33,928 - INFO - Generated: Someone found amazing a meme!
2025-01-17 06:40:36,957 - INFO - Generated: Someone saw exciting a trick!
2025-01-17 06:40:39,960 - INFO - Generated: Someone shared boring an app!
2025-01-17 06:40:42,963 - INFO - Generated: Someone found weird a trick!
2025-01-17 06:40:45,964 - INFO - Generated: Someone saw weird a story!
2025-01-17 06:40:48,967 - INFO - Generated: Someone found amazing a story!
2025-01-17 06:40:51,989 - INFO - Generated: Someone saw amazing a meme!
2025-01-17 06:40:54,992 - INFO - Generated: Someone saw weird an app!
2025-01-17 06:40:57,994 - INFO - Generated: Someone tried boring a trick!
2025-01-17 06:41:01,008 - INFO - Generated: Someone saw funny an app!
2025-01-17 06:41:04,011 - INFO - Generated: Someone loved weird an app!
2025-01-17 06:41:07,011 - INFO - Generated: Someone found exciting a trick!
2025-01-17 06:41:10,014 - INFO - Generated: Someone tried funny a story!
2025-01-17 06:41:13,015 - INFO - Generated: Someone found amazing a trick!
2025-01-17 06:41:16,016 - INFO - Generated: Someone found exciting a meme!
2025-01-17 06:41:19,017 - INFO - Generated: Someone found weird a movie!
2025-01-17 06:41:22,018 - INFO - Generated: Someone loved funny a trick!
2025-01-17 06:41:25,019 - INFO - Generated: Someone shared funny a movie!
2025-01-17 06:41:28,020 - INFO - Generated: Someone saw boring a trick!
2025-01-17 06:41:31,021 - INFO - Generated: Someone saw funny a trick!
2025-01-17 06:41:34,023 - INFO - Generated: Someone shared exciting an app!
2025-01-17 06:41:37,024 - INFO - Generated: Someone saw exciting a trick!
2025-01-17 06:41:40,025 - INFO - Generated: Someone shared exciting a story!
2025-01-17 06:41:43,026 - INFO - Generated: Someone tried boring a story!
2025-01-17 06:41:46,030 - INFO - Generated: Someone found funny a story!
2025-01-17 06:41:49,038 - INFO - Generated: Someone found exciting an app!
2025-01-17 06:41:52,040 - INFO - Generated: Someone shared funny a movie!
2025-01-17 06:41:55,041 - INFO - Generated: Someone found weird a movie!
2025-01-17 06:41:58,042 - INFO - Generated: Someone saw funny an app!
2025-01-17 06:42:01,045 - INFO - Generated: Someone tried funny a trick!
2025-01-17 06:42:04,046 - INFO - Generated: Someone found funny a meme!
2025-01-17 06:42:07,048 - INFO - Generated: Someone loved exciting a movie!
2025-01-17 06:42:10,049 - INFO - Generated: Someone loved exciting a trick!
2025-01-17 06:42:13,051 - INFO - Generated: Someone shared amazing a movie!
2025-01-17 06:42:16,052 - INFO - Generated: Someone loved funny a trick!
2025-01-17 06:42:19,054 - INFO - Generated: Someone found boring a trick!
2025-01-17 06:42:22,055 - INFO - Generated: Someone tried amazing a trick!
2025-01-17 06:42:25,156 - INFO - Generated: Someone saw amazing a trick!
2025-01-17 06:42:28,160 - INFO - Generated: Someone found amazing a meme!
2025-01-17 06:42:31,163 - INFO - Generated: Someone loved boring a meme!
2025-01-17 06:42:34,164 - INFO - Generated: Someone shared exciting a meme!
2025-01-17 06:42:37,166 - INFO - Generated: Someone saw weird a story!
2025-01-17 06:42:40,167 - INFO - Generated: Someone loved exciting a meme!
2025-01-17 06:42:43,171 - INFO - Generated: Someone loved funny a trick!
2025-01-17 06:42:46,174 - INFO - Generated: Someone tried weird a story!
2025-01-17 06:42:49,176 - INFO - Generated: Someone loved weird a trick!
2025-01-17 06:42:52,179 - INFO - Generated: Someone saw boring an app!
2025-01-17 06:42:55,181 - INFO - Generated: Someone loved weird an app!
2025-01-17 06:42:58,183 - INFO - Generated: Someone saw weird a story!
2025-01-17 06:43:01,185 - INFO - Generated: Someone loved boring an app!
2025-01-17 06:43:04,189 - INFO - Generated: Someone saw boring a story!
2025-01-17 06:43:07,194 - INFO - Generated: Someone tried boring a trick!
2025-01-17 06:43:10,197 - INFO - Generated: Someone saw weird a meme!
2025-01-17 06:43:13,198 - INFO - Generated: Someone tried amazing an app!
2025-01-17 06:43:16,201 - INFO - Generated: Someone shared exciting a meme!
2025-01-17 06:43:19,202 - INFO - Generated: Someone tried amazing an app!
2025-01-17 06:43:22,205 - INFO - Generated: Someone loved funny an app!
2025-01-17 06:43:25,208 - INFO - Generated: Someone tried funny a movie!
2025-01-17 06:43:28,209 - INFO - Generated: Someone found exciting a movie!
2025-01-17 06:43:31,212 - INFO - Generated: Someone tried funny a story!
2025-01-17 06:43:34,213 - INFO - Generated: Someone loved exciting a story!
2025-01-17 06:43:37,215 - INFO - Generated: Someone saw weird a story!
2025-01-17 06:43:40,217 - INFO - Generated: Someone shared weird a trick!
2025-01-17 06:43:43,220 - INFO - Generated: Someone found boring a movie!
2025-01-17 06:43:46,221 - INFO - Generated: Someone loved exciting a trick!
2025-01-17 06:43:49,226 - INFO - Generated: Someone found funny an app!
2025-01-17 06:43:52,229 - INFO - Generated: Someone shared amazing a meme!
2025-01-17 06:43:55,232 - INFO - Generated: Someone tried funny a trick!
2025-01-17 06:43:58,235 - INFO - Generated: Someone shared exciting an app!
2025-01-17 06:44:01,249 - INFO - Generated: Someone loved amazing a story!
2025-01-17 06:44:04,320 - INFO - Generated: Someone found boring a trick!
2025-01-17 06:44:07,322 - INFO - Generated: Someone tried exciting a movie!
2025-01-17 06:44:10,323 - INFO - Generated: Someone shared funny a story!
2025-01-17 06:44:13,325 - INFO - Generated: Someone tried weird a meme!
2025-01-17 06:44:16,327 - INFO - Generated: Someone saw boring a trick!
2025-01-17 06:44:19,329 - INFO - Generated: Someone shared exciting a meme!
2025-01-17 06:44:22,330 - INFO - Generated: Someone found boring a movie!
2025-01-17 06:44:25,334 - INFO - Generated: Someone shared weird a meme!
2025-01-17 06:44:28,336 - INFO - Generated: Someone loved boring a movie!
2025-01-17 06:44:31,338 - INFO - Generated: Someone tried funny a story!
2025-01-17 06:44:34,340 - INFO - Generated: Someone found exciting an app!
2025-01-17 06:44:37,341 - INFO - Generated: Someone saw boring a movie!
2025-01-17 06:44:40,346 - INFO - Generated: Someone saw funny a story!
2025-01-17 06:44:43,348 - INFO - Generated: Someone shared amazing a meme!
2025-01-17 06:44:46,350 - INFO - Generated: Someone saw amazing a story!
2025-01-17 06:44:49,351 - INFO - Generated: Someone found weird a story!
2025-01-17 06:44:52,381 - INFO - Generated: Someone shared weird a meme!
2025-01-17 06:44:55,399 - INFO - Generated: Someone found funny an app!
2025-01-17 06:44:58,401 - INFO - Generated: Someone shared boring a meme!
2025-01-17 06:45:01,402 - INFO - Generated: Someone saw exciting a movie!
2025-01-17 06:45:04,403 - INFO - Generated: Someone saw funny a meme!
2025-01-17 06:45:07,404 - INFO - Generated: Someone loved funny a trick!
2025-01-17 06:45:10,406 - INFO - Generated: Someone saw amazing a story!
2025-01-17 06:45:13,407 - INFO - Generated: Someone loved boring a movie!
2025-01-17 06:45:16,409 - INFO - Generated: Someone loved boring an app!
2025-01-17 06:45:19,410 - INFO - Generated: Someone saw funny a meme!
2025-01-17 06:45:22,413 - INFO - Generated: Someone saw boring a trick!
2025-01-17 06:45:25,415 - INFO - Generated: Someone loved weird a story!
2025-01-17 06:45:28,417 - INFO - Generated: Someone loved exciting an app!
2025-01-17 06:45:31,419 - INFO - Generated: Someone loved weird an app!
2025-01-17 06:45:34,419 - INFO - Generated: Someone found weird a trick!
2025-01-17 06:45:37,420 - INFO - Generated: Someone saw exciting a trick!
2025-01-17 06:45:40,422 - INFO - Generated: Someone found amazing a story!
2025-01-17 06:45:43,423 - INFO - Generated: Someone loved funny a story!
2025-01-17 06:45:46,424 - INFO - Generated: Someone shared boring an app!
2025-01-17 06:45:49,426 - INFO - Generated: Someone tried boring a trick!
2025-01-17 06:45:52,429 - INFO - Generated: Someone saw amazing a movie!
2025-01-17 06:45:55,433 - INFO - Generated: Someone shared weird a meme!
2025-01-17 06:45:58,435 - INFO - Generated: Someone found amazing a trick!
2025-01-17 06:46:01,437 - INFO - Generated: Someone loved funny a trick!
2025-01-17 06:46:04,438 - INFO - Generated: Someone saw exciting an app!
2025-01-17 06:46:07,439 - INFO - Generated: Someone saw boring a movie!
2025-01-17 06:46:10,441 - INFO - Generated: Someone saw boring a story!
2025-01-17 06:46:13,443 - INFO - Generated: Someone tried amazing a meme!
2025-01-17 06:46:16,444 - INFO - Generated: Someone found weird a meme!
2025-01-17 06:46:19,446 - INFO - Generated: Someone loved weird a trick!
2025-01-17 06:46:22,448 - INFO - Generated: Someone shared weird a story!
2025-01-17 06:46:25,449 - INFO - Generated: Someone loved funny a trick!
2025-01-17 06:46:28,452 - INFO - Generated: Someone saw funny a meme!
2025-01-17 06:46:31,454 - INFO - Generated: Someone shared weird a movie!
2025-01-17 06:46:34,456 - INFO - Generated: Someone shared amazing an app!
2025-01-17 06:46:37,457 - INFO - Generated: Someone loved funny an app!
2025-01-17 06:46:40,461 - INFO - Generated: Someone saw weird a meme!
2025-01-17 06:46:43,463 - INFO - Generated: Someone found amazing an app!
2025-01-17 06:46:46,465 - INFO - Generated: Someone saw exciting a trick!
2025-01-17 06:46:49,466 - INFO - Generated: Someone shared funny a meme!
2025-01-17 06:46:52,471 - INFO - Generated: Someone tried boring an app!
2025-01-17 06:46:55,474 - INFO - Generated: Someone tried funny a movie!
2025-01-17 06:46:58,477 - INFO - Generated: Someone tried funny an app!
2025-01-17 06:47:01,483 - INFO - Generated: Someone loved funny a movie!
2025-01-17 06:47:04,488 - INFO - Generated: Someone tried boring a trick!
2025-01-17 06:47:07,489 - INFO - Generated: Someone found boring a story!
2025-01-17 06:47:10,491 - INFO - Generated: Someone loved weird a movie!
2025-01-17 06:47:13,492 - INFO - Generated: Someone loved funny an app!
2025-01-17 06:47:16,494 - INFO - Generated: Someone saw funny a trick!
2025-01-17 06:47:19,496 - INFO - Generated: Someone loved funny a story!
2025-01-17 06:47:22,497 - INFO - Generated: Someone shared boring a movie!
2025-01-17 06:47:25,500 - INFO - Generated: Someone found weird a movie!
2025-01-17 06:47:28,504 - INFO - Generated: Someone loved funny a story!
2025-01-17 06:47:31,512 - INFO - Generated: Someone loved weird a movie!
2025-01-17 06:47:34,517 - INFO - Generated: Someone tried boring a movie!
2025-01-17 06:47:37,519 - INFO - Generated: Someone loved amazing a trick!
2025-01-17 06:47:40,521 - INFO - Generated: Someone loved exciting an app!
2025-01-17 06:47:43,523 - INFO - Generated: Someone saw funny a trick!
2025-01-17 06:47:46,524 - INFO - Generated: Someone shared boring a trick!
2025-01-17 06:47:49,526 - INFO - Generated: Someone found exciting an app!
2025-01-17 06:47:52,529 - INFO - Generated: Someone shared amazing a story!
2025-01-17 06:47:55,530 - INFO - Generated: Someone loved exciting a story!
2025-01-17 06:47:58,532 - INFO - Generated: Someone tried weird a story!
2025-01-17 06:48:01,536 - INFO - Generated: Someone shared amazing a trick!
2025-01-17 06:48:04,537 - INFO - Generated: Someone found exciting a meme!
2025-01-17 06:48:07,539 - INFO - Generated: Someone loved boring a movie!
2025-01-17 06:48:10,541 - INFO - Generated: Someone saw funny a meme!
2025-01-17 06:48:13,542 - INFO - Generated: Someone found funny a movie!
2025-01-17 06:48:16,543 - INFO - Generated: Someone loved exciting an app!
2025-01-17 06:48:19,545 - INFO - Generated: Someone found exciting a trick!
2025-01-17 06:48:22,546 - INFO - Generated: Someone saw exciting a trick!
2025-01-17 06:48:25,547 - INFO - Generated: Someone saw exciting a story!
2025-01-17 06:48:28,549 - INFO - Generated: Someone tried funny a meme!
2025-01-17 06:48:31,583 - INFO - Generated: Someone shared exciting a meme!
2025-01-17 06:48:34,585 - INFO - Generated: Someone tried funny a movie!
2025-01-17 06:48:37,586 - INFO - Generated: Someone saw boring a story!
2025-01-17 06:48:40,587 - INFO - Generated: Someone shared boring an app!
2025-01-17 06:48:43,593 - INFO - Generated: Someone found funny a movie!
2025-01-17 06:48:46,594 - INFO - Generated: Someone shared exciting a story!
2025-01-17 06:48:49,613 - INFO - Generated: Someone found exciting a movie!
2025-01-17 06:48:52,615 - INFO - Generated: Someone loved exciting a meme!
2025-01-17 06:48:55,616 - INFO - Generated: Someone saw weird a trick!
2025-01-17 06:48:58,617 - INFO - Generated: Someone found amazing a movie!
2025-01-17 06:49:01,618 - INFO - Generated: Someone found weird a meme!
2025-01-17 06:49:04,620 - INFO - Generated: Someone saw funny a trick!
2025-01-17 06:49:07,622 - INFO - Generated: Someone shared funny a movie!
2025-01-17 06:49:10,623 - INFO - Generated: Someone found weird a story!
2025-01-17 06:49:13,628 - INFO - Generated: Someone shared weird a movie!
2025-01-17 06:49:16,631 - INFO - Generated: Someone found weird a trick!
2025-01-17 06:49:19,632 - INFO - Generated: Someone loved funny an app!
2025-01-17 06:49:22,633 - INFO - Generated: Someone found boring a movie!
2025-01-17 06:49:25,640 - INFO - Generated: Someone shared weird an app!
2025-01-17 06:49:28,644 - INFO - Generated: Someone saw weird an app!
2025-01-17 06:49:31,645 - INFO - Generated: Someone saw funny a story!
2025-01-17 06:49:34,647 - INFO - Generated: Someone shared funny an app!
2025-01-17 06:49:37,648 - INFO - Generated: Someone found boring a trick!
2025-01-17 06:49:40,649 - INFO - Generated: Someone shared weird an app!
2025-01-17 06:49:43,650 - INFO - Generated: Someone loved amazing a meme!
2025-01-17 06:49:46,652 - INFO - Generated: Someone shared amazing a story!
2025-01-17 06:49:49,653 - INFO - Generated: Someone found weird an app!
2025-01-17 06:49:52,656 - INFO - Generated: Someone found weird a movie!
2025-01-17 06:49:55,656 - INFO - Generated: Someone loved funny a trick!
2025-01-17 06:49:58,657 - INFO - Generated: Someone saw exciting a trick!
2025-01-17 06:50:01,658 - INFO - Generated: Someone found amazing a movie!
2025-01-17 06:50:04,659 - INFO - Generated: Someone found weird an app!
2025-01-17 06:50:07,661 - INFO - Generated: Someone saw amazing a meme!
2025-01-17 06:50:10,662 - INFO - Generated: Someone shared boring a trick!
2025-01-17 06:50:13,675 - INFO - Generated: Someone loved funny a story!
2025-01-17 06:50:16,683 - INFO - Generated: Someone loved boring a movie!
2025-01-17 06:50:19,685 - INFO - Generated: Someone tried amazing a movie!
2025-01-17 06:50:22,687 - INFO - Generated: Someone tried amazing a movie!
2025-01-17 06:50:25,688 - INFO - Generated: Someone shared funny a meme!
2025-01-17 06:50:28,691 - INFO - Generated: Someone loved amazing a movie!
2025-01-17 06:50:31,692 - INFO - Generated: Someone tried exciting a meme!
2025-01-17 06:50:34,693 - INFO - Generated: Someone shared amazing a movie!
2025-01-17 06:50:37,694 - INFO - Generated: Someone found boring a meme!
2025-01-17 06:50:40,695 - INFO - Generated: Someone shared weird a meme!
2025-01-17 06:50:43,696 - INFO - Generated: Someone shared boring a trick!
2025-01-17 06:50:46,697 - INFO - Generated: Someone shared weird an app!
2025-01-17 06:50:49,700 - INFO - Generated: Someone tried exciting a trick!
2025-01-17 06:50:52,701 - INFO - Generated: Someone loved exciting a meme!
2025-01-17 06:50:55,706 - INFO - Generated: Someone tried amazing a movie!
2025-01-17 06:50:58,711 - INFO - Generated: Someone shared funny a movie!
2025-01-17 06:51:01,712 - INFO - Generated: Someone loved amazing a trick!
2025-01-17 06:51:04,714 - INFO - Generated: Someone shared amazing a meme!
2025-01-17 06:51:07,715 - INFO - Generated: Someone saw funny an app!
2025-01-17 06:51:10,716 - INFO - Generated: Someone shared amazing a story!
2025-01-17 06:51:13,718 - INFO - Generated: Someone saw funny a movie!
2025-01-17 06:51:16,720 - INFO - Generated: Someone found exciting a story!
2025-01-17 06:51:19,722 - INFO - Generated: Someone found weird an app!
2025-01-17 06:51:22,735 - INFO - Generated: Someone loved funny a trick!
2025-01-17 06:51:25,736 - INFO - Generated: Someone shared exciting a movie!
2025-01-17 06:51:28,737 - INFO - Generated: Someone loved weird a meme!
2025-01-17 06:51:31,742 - INFO - Generated: Someone saw weird a story!
2025-01-17 06:51:34,743 - INFO - Generated: Someone tried amazing a story!
2025-01-17 06:51:37,762 - INFO - Generated: Someone loved funny a movie!
2025-01-17 06:51:40,763 - INFO - Generated: Someone saw exciting a meme!
2025-01-17 06:51:43,766 - INFO - Generated: Someone found funny an app!
2025-01-17 06:51:46,767 - INFO - Generated: Someone shared exciting an app!
2025-01-17 06:51:49,772 - INFO - Generated: Someone saw boring an app!
2025-01-17 06:51:52,772 - INFO - Generated: Someone loved funny a trick!
2025-01-17 06:51:55,774 - INFO - Generated: Someone tried weird a movie!
2025-01-17 06:51:58,776 - INFO - Generated: Someone found funny a movie!
2025-01-17 06:52:01,777 - INFO - Generated: Someone tried amazing a meme!
2025-01-17 06:52:04,778 - INFO - Generated: Someone tried exciting a trick!
2025-01-17 06:52:07,779 - INFO - Generated: Someone loved weird a story!
2025-01-17 06:52:10,781 - INFO - Generated: Someone tried weird a meme!
2025-01-17 06:52:13,783 - INFO - Generated: Someone loved exciting a trick!
2025-01-17 06:52:16,784 - INFO - Generated: Someone tried weird a trick!
2025-01-17 06:52:19,785 - INFO - Generated: Someone tried exciting a story!
2025-01-17 06:52:22,786 - INFO - Generated: Someone loved funny a trick!
2025-01-17 06:52:25,786 - INFO - Generated: Someone loved exciting a meme!
2025-01-17 06:52:28,787 - INFO - Generated: Someone shared exciting a movie!
2025-01-17 06:52:31,789 - INFO - Generated: Someone shared boring a meme!
2025-01-17 06:52:34,789 - INFO - Generated: Someone tried boring a movie!
2025-01-17 06:52:37,791 - INFO - Generated: Someone tried amazing a meme!
2025-01-17 06:52:40,792 - INFO - Generated: Someone saw funny a story!
2025-01-17 06:52:43,794 - INFO - Generated: Someone found amazing a movie!
2025-01-17 06:52:46,795 - INFO - Generated: Someone shared funny a trick!
2025-01-17 06:52:49,797 - INFO - Generated: Someone shared funny a movie!
2025-01-17 06:52:52,799 - INFO - Generated: Someone shared weird a meme!
2025-01-17 06:52:55,800 - INFO - Generated: Someone loved exciting a meme!
2025-01-17 06:52:58,801 - INFO - Generated: Someone tried funny a movie!
2025-01-17 06:53:01,803 - INFO - Generated: Someone tried exciting a story!
2025-01-17 06:53:04,804 - INFO - Generated: Someone tried amazing a meme!
2025-01-17 06:53:07,806 - INFO - Generated: Someone tried funny a story!
2025-01-17 06:53:10,807 - INFO - Generated: Someone saw exciting a story!
2025-01-17 06:53:13,809 - INFO - Generated: Someone tried boring a meme!
2025-01-17 06:53:16,810 - INFO - Generated: Someone found exciting a story!
2025-01-17 06:53:19,811 - INFO - Generated: Someone found weird an app!
2025-01-17 06:53:22,812 - INFO - Generated: Someone shared weird a story!
2025-01-17 06:53:25,813 - INFO - Generated: Someone found boring a trick!
2025-01-17 06:53:28,814 - INFO - Generated: Someone saw exciting a story!
2025-01-17 06:53:31,854 - INFO - Generated: Someone found funny a movie!
2025-01-17 06:53:34,855 - INFO - Generated: Someone tried exciting an app!
