2025-01-15 06:26:40,459 - INFO - Starting the dynamic message generator.
2025-01-15 06:26:40,459 - INFO - Generated: Someone saw amazing a trick!
2025-01-15 06:26:40,460 - INFO - Generated: Someone saw amazing a movie!
2025-01-15 06:26:40,460 - INFO - Generated: Someone saw exciting an app!
2025-01-15 06:26:40,460 - INFO - Generated: Someone found exciting a movie!
2025-01-15 06:26:40,460 - INFO - Generated: Someone found weird a movie!
2025-01-15 06:26:40,461 - INFO - Finished generating messages.
2025-01-15 06:48:00,266 - INFO - Starting the dynamic message generator.
2025-01-15 06:48:00,266 - INFO - Generated: Someone found boring a trick!
2025-01-15 06:48:00,267 - INFO - Generated: Someone saw boring a story!
2025-01-15 06:48:00,267 - INFO - Generated: Someone shared funny a story!
2025-01-15 06:48:00,267 - INFO - Generated: Someone shared weird a story!
2025-01-15 06:48:00,267 - INFO - Generated: Someone loved funny a meme!
2025-01-15 06:48:00,267 - INFO - Finished generating messages.
2025-01-16 15:09:18,488 - INFO - Starting the dynamic message generator.
2025-01-16 15:09:18,488 - INFO - Generated: Someone shared amazing an app!
2025-01-16 15:09:21,489 - INFO - Generated: Someone shared amazing a trick!
2025-01-16 15:09:24,491 - INFO - Generated: Someone saw amazing a movie!
2025-01-16 15:09:27,492 - INFO - Generated: Someone found amazing a trick!
2025-01-16 15:09:30,496 - INFO - Generated: Someone loved funny an app!
2025-01-16 15:09:33,498 - INFO - Generated: Someone found amazing a meme!
2025-01-16 15:09:36,499 - INFO - Generated: Someone saw amazing a movie!
2025-01-16 15:09:39,501 - INFO - Generated: Someone tried amazing a movie!
2025-01-16 15:09:42,503 - INFO - Generated: Someone tried boring a movie!
2025-01-16 15:09:45,505 - INFO - Generated: Someone found exciting a trick!
2025-01-16 15:09:48,507 - INFO - Generated: Someone saw exciting a meme!
2025-01-16 15:09:51,509 - INFO - Generated: Someone tried funny an app!
2025-01-16 15:09:54,621 - INFO - Generated: Someone loved funny a story!
2025-01-16 15:09:57,622 - INFO - Generated: Someone found weird a trick!
2025-01-16 15:10:00,624 - INFO - Generated: Someone loved weird an app!
2025-01-16 15:10:03,625 - INFO - Generated: Someone tried amazing a story!
2025-01-16 15:10:06,627 - INFO - Generated: Someone found boring a story!
2025-01-16 15:10:09,629 - INFO - Generated: Someone found weird a trick!
2025-01-16 15:10:12,630 - INFO - Generated: Someone loved boring a trick!
2025-01-16 15:10:15,635 - INFO - Generated: Someone shared exciting a trick!
2025-01-16 15:10:18,636 - INFO - Generated: Someone saw boring an app!
2025-01-16 15:10:21,639 - INFO - Generated: Someone found amazing a trick!
2025-01-16 15:10:24,641 - INFO - Generated: Someone loved boring a trick!
2025-01-16 15:10:27,643 - INFO - Generated: Someone tried boring a story!
2025-01-16 15:10:30,644 - INFO - Generated: Someone loved amazing a trick!
2025-01-16 15:10:33,645 - INFO - Generated: Someone loved weird a story!
2025-01-16 15:10:36,645 - INFO - Generated: Someone shared funny a movie!
2025-01-16 15:10:39,647 - INFO - Generated: Someone shared boring a story!
2025-01-16 15:10:42,648 - INFO - Generated: Someone saw weird a meme!
2025-01-16 15:10:45,650 - INFO - Generated: Someone loved boring a trick!
2025-01-16 15:10:48,654 - INFO - Generated: Someone loved boring an app!
2025-01-16 15:10:51,655 - INFO - Generated: Someone loved weird a story!
2025-01-16 15:10:54,656 - INFO - Generated: Someone shared weird a trick!
2025-01-16 15:10:57,658 - INFO - Generated: Someone saw weird a story!
2025-01-16 15:11:00,660 - INFO - Generated: Someone tried funny a trick!
2025-01-16 15:11:03,661 - INFO - Generated: Someone found boring an app!
2025-01-16 15:11:06,663 - INFO - Generated: Someone loved weird an app!
2025-01-16 15:11:09,665 - INFO - Generated: Someone loved exciting a trick!
2025-01-16 15:11:12,667 - INFO - Generated: Someone found exciting a trick!
2025-01-16 15:11:15,669 - INFO - Generated: Someone loved exciting a meme!
2025-01-16 15:11:18,669 - INFO - Generated: Someone saw funny a movie!
2025-01-16 15:11:21,670 - INFO - Generated: Someone loved exciting a meme!
2025-01-16 15:11:24,674 - INFO - Generated: Someone saw boring a story!
2025-01-16 15:11:27,675 - INFO - Generated: Someone shared exciting a movie!
2025-01-16 15:11:30,676 - INFO - Generated: Someone loved exciting a meme!
2025-01-16 15:11:33,677 - INFO - Generated: Someone loved weird a trick!
2025-01-16 15:11:36,678 - INFO - Generated: Someone found amazing a meme!
2025-01-16 15:11:39,679 - INFO - Generated: Someone tried amazing a meme!
2025-01-16 15:11:42,680 - INFO - Generated: Someone found amazing a trick!
2025-01-16 15:11:45,682 - INFO - Generated: Someone tried funny a meme!
2025-01-16 15:11:48,683 - INFO - Generated: Someone saw amazing an app!
2025-01-16 15:11:51,684 - INFO - Generated: Someone loved boring a story!
2025-01-16 15:11:54,685 - INFO - Generated: Someone shared weird a story!
2025-01-16 15:11:57,686 - INFO - Generated: Someone found weird a trick!
2025-01-16 15:12:00,693 - INFO - Generated: Someone found funny an app!
2025-01-16 15:12:03,706 - INFO - Generated: Someone loved weird an app!
2025-01-16 15:12:06,708 - INFO - Generated: Someone saw exciting an app!
2025-01-16 15:12:09,710 - INFO - Generated: Someone tried exciting an app!
2025-01-16 15:12:12,711 - INFO - Generated: Someone tried weird a movie!
2025-01-16 15:12:15,714 - INFO - Generated: Someone shared amazing a movie!
2025-01-16 15:12:18,715 - INFO - Generated: Someone found exciting a trick!
2025-01-16 15:12:21,716 - INFO - Generated: Someone tried funny an app!
2025-01-16 15:12:24,718 - INFO - Generated: Someone saw amazing a meme!
2025-01-16 15:12:27,720 - INFO - Generated: Someone shared exciting a trick!
2025-01-16 15:12:30,722 - INFO - Generated: Someone shared funny a movie!
2025-01-16 15:12:33,724 - INFO - Generated: Someone tried boring an app!
2025-01-16 15:12:36,738 - INFO - Generated: Someone loved amazing an app!
2025-01-16 15:12:39,749 - INFO - Generated: Someone tried amazing a story!
2025-01-16 15:12:42,750 - INFO - Generated: Someone saw boring an app!
2025-01-16 15:12:45,756 - INFO - Generated: Someone saw amazing an app!
2025-01-16 15:12:48,758 - INFO - Generated: Someone found amazing a trick!
2025-01-16 15:12:51,759 - INFO - Generated: Someone loved weird a trick!
2025-01-16 15:12:54,761 - INFO - Generated: Someone loved funny a meme!
2025-01-16 15:12:57,763 - INFO - Generated: Someone tried funny an app!
2025-01-16 15:13:00,771 - INFO - Generated: Someone found weird a trick!
2025-01-16 15:13:03,772 - INFO - Generated: Someone found boring a meme!
2025-01-16 15:13:06,776 - INFO - Generated: Someone loved exciting a meme!
2025-01-16 15:13:09,777 - INFO - Generated: Someone found amazing a movie!
2025-01-16 15:13:12,798 - INFO - Generated: Someone saw exciting a story!
2025-01-16 15:13:15,800 - INFO - Generated: Someone found boring a movie!
2025-01-16 15:13:18,803 - INFO - Generated: Someone saw amazing a movie!
2025-01-16 15:13:21,806 - INFO - Generated: Someone tried exciting an app!
2025-01-16 15:13:24,807 - INFO - Generated: Someone tried funny an app!
2025-01-16 15:13:27,809 - INFO - Generated: Someone tried funny a story!
2025-01-16 15:13:30,810 - INFO - Generated: Someone tried funny a story!
2025-01-16 15:13:33,814 - INFO - Generated: Someone found boring a meme!
2025-01-16 15:13:36,816 - INFO - Generated: Someone loved funny an app!
2025-01-16 15:13:39,821 - INFO - Generated: Someone loved exciting an app!
2025-01-16 15:13:42,822 - INFO - Generated: Someone saw amazing a meme!
2025-01-16 15:13:45,824 - INFO - Generated: Someone saw boring an app!
2025-01-16 15:13:48,825 - INFO - Generated: Someone tried exciting an app!
2025-01-16 15:13:51,827 - INFO - Generated: Someone saw boring a movie!
2025-01-16 15:13:54,828 - INFO - Generated: Someone loved amazing a movie!
2025-01-16 15:13:57,831 - INFO - Generated: Someone saw weird an app!
2025-01-16 15:14:00,834 - INFO - Generated: Someone saw weird a meme!
2025-01-16 15:14:03,836 - INFO - Generated: Someone found boring a movie!
2025-01-16 15:14:06,839 - INFO - Generated: Someone tried weird a trick!
2025-01-16 15:14:09,842 - INFO - Generated: Someone saw funny a story!
2025-01-16 15:14:12,845 - INFO - Generated: Someone shared amazing a meme!
2025-01-16 15:14:15,847 - INFO - Generated: Someone loved funny a story!
2025-01-16 15:14:18,850 - INFO - Generated: Someone loved weird an app!
2025-01-16 15:14:21,852 - INFO - Generated: Someone tried weird a trick!
2025-01-16 15:14:24,853 - INFO - Generated: Someone found exciting a meme!
2025-01-16 15:14:27,855 - INFO - Generated: Someone found boring an app!
2025-01-16 15:14:30,857 - INFO - Generated: Someone saw funny a movie!
2025-01-16 15:14:33,860 - INFO - Generated: Someone saw exciting a trick!
2025-01-16 15:14:36,865 - INFO - Generated: Someone shared exciting an app!
2025-01-16 15:14:39,867 - INFO - Generated: Someone shared boring a trick!
2025-01-16 15:14:42,870 - INFO - Generated: Someone saw exciting a trick!
2025-01-16 15:14:45,871 - INFO - Generated: Someone loved weird a trick!
2025-01-16 15:14:48,873 - INFO - Generated: Someone found exciting a story!
2025-01-16 15:14:51,874 - INFO - Generated: Someone shared funny a meme!
2025-01-16 15:14:54,875 - INFO - Generated: Someone loved funny a movie!
2025-01-16 15:14:57,877 - INFO - Generated: Someone saw boring a movie!
2025-01-16 15:15:00,880 - INFO - Generated: Someone loved exciting a meme!
2025-01-16 15:15:03,881 - INFO - Generated: Someone saw amazing a meme!
2025-01-16 15:15:06,883 - INFO - Generated: Someone tried weird an app!
2025-01-16 15:15:09,885 - INFO - Generated: Someone loved exciting a meme!
2025-01-16 15:15:12,887 - INFO - Generated: Someone saw amazing an app!
2025-01-16 15:15:15,889 - INFO - Generated: Someone loved amazing an app!
2025-01-16 15:15:18,891 - INFO - Generated: Someone tried amazing a trick!
2025-01-16 15:15:21,896 - INFO - Generated: Someone found funny an app!
2025-01-16 15:15:24,900 - INFO - Generated: Someone loved weird a meme!
2025-01-16 15:15:27,938 - INFO - Generated: Someone shared funny a trick!
2025-01-16 15:15:30,939 - INFO - Generated: Someone found funny a story!
2025-01-16 15:15:33,942 - INFO - Generated: Someone loved exciting a movie!
2025-01-16 15:15:36,965 - INFO - Generated: Someone shared weird a trick!
2025-01-16 15:15:39,966 - INFO - Generated: Someone saw funny a story!
2025-01-16 15:15:42,968 - INFO - Generated: Someone saw funny an app!
2025-01-16 15:15:45,969 - INFO - Generated: Someone shared amazing an app!
2025-01-16 15:15:48,971 - INFO - Generated: Someone shared weird a story!
2025-01-16 15:15:51,974 - INFO - Generated: Someone saw exciting a meme!
2025-01-16 15:15:54,977 - INFO - Generated: Someone shared exciting a meme!
2025-01-16 15:15:57,978 - INFO - Generated: Someone tried weird an app!
2025-01-16 15:16:00,980 - INFO - Generated: Someone loved weird a story!
2025-01-16 15:16:03,981 - INFO - Generated: Someone saw weird a story!
2025-01-16 15:16:06,982 - INFO - Generated: Someone saw weird a meme!
2025-01-16 15:16:09,983 - INFO - Generated: Someone found boring an app!
2025-01-16 15:16:12,985 - INFO - Generated: Someone found boring a meme!
2025-01-16 15:16:15,986 - INFO - Generated: Someone found amazing an app!
2025-01-16 15:16:18,987 - INFO - Generated: Someone shared funny an app!
2025-01-16 15:16:21,989 - INFO - Generated: Someone shared funny an app!
2025-01-16 15:16:24,990 - INFO - Generated: Someone shared boring a meme!
2025-01-16 15:16:27,992 - INFO - Generated: Someone tried amazing a trick!
2025-01-16 15:16:30,995 - INFO - Generated: Someone tried exciting an app!
2025-01-16 15:16:33,996 - INFO - Generated: Someone loved exciting a story!
2025-01-16 15:16:36,998 - INFO - Generated: Someone saw exciting a movie!
2025-01-16 15:16:40,005 - INFO - Generated: Someone loved amazing a meme!
2025-01-16 15:16:43,006 - INFO - Generated: Someone found boring a story!
2025-01-16 15:16:46,008 - INFO - Generated: Someone tried funny a meme!
2025-01-16 15:16:49,012 - INFO - Generated: Someone loved weird a meme!
2025-01-16 15:16:52,015 - INFO - Generated: Someone shared boring a story!
2025-01-16 15:16:55,019 - INFO - Generated: Someone loved weird a story!
2025-01-16 15:16:58,021 - INFO - Generated: Someone loved boring an app!
2025-01-16 15:17:01,022 - INFO - Generated: Someone loved weird a story!
2025-01-16 15:17:04,023 - INFO - Generated: Someone loved boring an app!
2025-01-16 15:17:07,025 - INFO - Generated: Someone tried exciting an app!
2025-01-16 15:17:10,026 - INFO - Generated: Someone found funny a movie!
2025-01-16 15:17:13,032 - INFO - Generated: Someone found exciting a meme!
2025-01-16 15:17:16,033 - INFO - Generated: Someone tried exciting an app!
2025-01-16 15:17:19,034 - INFO - Generated: Someone saw boring a trick!
2025-01-16 15:17:22,036 - INFO - Generated: Someone loved boring a story!
2025-01-16 15:17:25,037 - INFO - Generated: Someone saw exciting an app!
2025-01-16 15:17:28,039 - INFO - Generated: Someone found boring a story!
2025-01-16 15:17:31,046 - INFO - Generated: Someone loved amazing a story!
2025-01-16 15:17:34,054 - INFO - Generated: Someone loved weird a trick!
2025-01-16 15:17:37,057 - INFO - Generated: Someone loved exciting a story!
2025-01-16 15:17:40,059 - INFO - Generated: Someone saw funny an app!
2025-01-16 15:17:43,061 - INFO - Generated: Someone found boring a trick!
2025-01-16 15:17:46,066 - INFO - Generated: Someone saw boring a movie!
2025-01-16 15:17:49,067 - INFO - Generated: Someone tried funny a meme!
2025-01-16 15:17:52,069 - INFO - Generated: Someone saw weird an app!
2025-01-16 15:17:55,071 - INFO - Generated: Someone saw boring a trick!
2025-01-16 15:17:58,073 - INFO - Generated: Someone found amazing an app!
2025-01-16 15:18:01,080 - INFO - Generated: Someone tried exciting a trick!
2025-01-16 15:18:04,084 - INFO - Generated: Someone loved weird an app!
2025-01-16 15:18:07,085 - INFO - Generated: Someone loved funny a story!
2025-01-16 15:18:10,086 - INFO - Generated: Someone saw boring an app!
2025-01-16 15:18:13,087 - INFO - Generated: Someone found weird a story!
2025-01-16 15:18:16,088 - INFO - Generated: Someone shared funny a story!
2025-01-16 15:18:19,091 - INFO - Generated: Someone tried amazing a story!
2025-01-16 15:18:22,097 - INFO - Generated: Someone found amazing an app!
2025-01-16 15:18:25,098 - INFO - Generated: Someone tried amazing a trick!
2025-01-16 15:18:28,101 - INFO - Generated: Someone loved weird a meme!
2025-01-16 15:18:31,102 - INFO - Generated: Someone saw exciting a story!
2025-01-16 15:18:34,103 - INFO - Generated: Someone shared exciting a trick!
2025-01-16 15:18:37,105 - INFO - Generated: Someone shared amazing a story!
2025-01-16 15:18:40,111 - INFO - Generated: Someone tried weird an app!
2025-01-16 15:18:43,112 - INFO - Generated: Someone loved boring a meme!
2025-01-16 15:18:46,116 - INFO - Generated: Someone saw boring a movie!
2025-01-16 15:18:49,117 - INFO - Generated: Someone saw funny a movie!
2025-01-16 15:18:52,119 - INFO - Generated: Someone tried weird a story!
2025-01-16 15:18:55,120 - INFO - Generated: Someone found boring a meme!
2025-01-16 15:18:58,124 - INFO - Generated: Someone loved amazing a trick!
2025-01-16 15:19:01,127 - INFO - Generated: Someone found boring an app!
2025-01-16 15:19:04,128 - INFO - Generated: Someone saw weird a trick!
2025-01-16 15:19:07,130 - INFO - Generated: Someone found exciting an app!
2025-01-16 15:19:10,131 - INFO - Generated: Someone saw amazing a trick!
2025-01-16 15:19:13,132 - INFO - Generated: Someone loved boring a movie!
2025-01-16 15:19:16,134 - INFO - Generated: Someone tried funny a trick!
2025-01-16 15:19:19,139 - INFO - Generated: Someone tried funny an app!
2025-01-16 15:19:22,140 - INFO - Generated: Someone tried weird a movie!
2025-01-16 15:19:25,142 - INFO - Generated: Someone saw amazing a story!
2025-01-16 15:19:28,144 - INFO - Generated: Someone loved weird a movie!
2025-01-16 15:19:31,145 - INFO - Generated: Someone tried boring an app!
2025-01-16 15:19:34,146 - INFO - Generated: Someone shared amazing a meme!
2025-01-16 15:19:37,148 - INFO - Generated: Someone loved amazing an app!
2025-01-16 15:19:40,151 - INFO - Generated: Someone saw funny a story!
2025-01-16 15:19:43,153 - INFO - Generated: Someone saw amazing a trick!
2025-01-16 15:19:46,154 - INFO - Generated: Someone shared boring a meme!
2025-01-16 15:19:49,159 - INFO - Generated: Someone loved weird a meme!
2025-01-16 15:19:52,161 - INFO - Generated: Someone loved funny a trick!
2025-01-16 15:19:55,163 - INFO - Generated: Someone shared funny a trick!
2025-01-16 17:37:43,795 - INFO - Generated: Someone loved funny a story!
2025-01-16 17:37:46,805 - INFO - Generated: Someone shared funny an app!
2025-01-16 17:37:49,806 - INFO - Generated: Someone tried weird an app!
2025-01-17 05:51:44,762 - INFO - Generated: Someone found weird a meme!
2025-01-17 05:51:47,800 - INFO - Generated: Someone loved boring an app!
2025-01-17 05:51:50,801 - INFO - Generated: Someone loved exciting a story!
2025-01-17 05:51:53,802 - INFO - Generated: Someone loved exciting a story!
2025-01-17 05:51:56,803 - INFO - Generated: Someone saw exciting a movie!
2025-01-17 05:51:59,803 - INFO - Generated: Someone found amazing an app!
2025-01-17 05:52:02,804 - INFO - Generated: Someone shared exciting a trick!
2025-01-17 05:52:05,805 - INFO - Generated: Someone found amazing a trick!
2025-01-17 05:52:08,810 - INFO - Generated: Someone found boring a movie!
2025-01-17 05:52:11,812 - INFO - Generated: Someone found boring a movie!
2025-01-17 05:52:14,813 - INFO - Generated: Someone shared funny a meme!
2025-01-17 05:52:17,833 - INFO - Generated: Someone shared boring a trick!
2025-01-17 05:52:20,844 - INFO - Generated: Someone loved funny a story!
2025-01-17 05:52:23,845 - INFO - Generated: Someone saw amazing a meme!
2025-01-17 05:52:26,846 - INFO - Generated: Someone loved weird a meme!
2025-01-17 05:52:29,847 - INFO - Generated: Someone saw amazing a movie!
2025-01-17 05:52:32,868 - INFO - Generated: Someone found weird a trick!
2025-01-17 05:52:35,872 - INFO - Generated: Someone tried weird an app!
2025-01-17 05:52:38,875 - INFO - Generated: Someone found amazing a story!
2025-01-17 05:52:41,880 - INFO - Generated: Someone tried weird a movie!
2025-01-17 05:52:44,889 - INFO - Generated: Someone tried weird a story!
2025-01-17 05:52:47,905 - INFO - Generated: Someone loved amazing a meme!
2025-01-17 05:52:50,907 - INFO - Generated: Someone tried weird an app!
2025-01-17 05:52:53,912 - INFO - Generated: Someone saw exciting a trick!
2025-01-17 05:52:56,913 - INFO - Generated: Someone loved amazing a trick!
2025-01-17 05:52:59,914 - INFO - Generated: Someone loved boring a trick!
2025-01-17 05:53:02,915 - INFO - Generated: Someone tried weird a movie!
2025-01-17 05:53:05,917 - INFO - Generated: Someone saw funny a meme!
2025-01-17 05:53:08,920 - INFO - Generated: Someone found weird a meme!
2025-01-17 05:53:11,921 - INFO - Generated: Someone saw amazing a story!
2025-01-17 05:53:14,922 - INFO - Generated: Someone loved boring a trick!
2025-01-17 05:53:17,923 - INFO - Generated: Someone saw amazing a meme!
2025-01-17 05:53:20,924 - INFO - Generated: Someone saw funny a story!
2025-01-17 05:53:23,933 - INFO - Generated: Someone saw weird a trick!
2025-01-17 05:53:26,940 - INFO - Generated: Someone tried amazing a meme!
2025-01-17 05:53:29,943 - INFO - Generated: Someone found weird an app!
2025-01-17 05:53:32,944 - INFO - Generated: Someone loved exciting a story!
2025-01-17 05:53:35,952 - INFO - Generated: Someone saw weird a story!
2025-01-17 05:53:38,955 - INFO - Generated: Someone shared exciting a meme!
2025-01-17 05:53:41,956 - INFO - Generated: Someone saw boring a movie!
2025-01-17 05:53:44,962 - INFO - Generated: Someone found amazing a meme!
2025-01-17 05:53:47,977 - INFO - Generated: Someone shared amazing a movie!
2025-01-17 05:53:50,979 - INFO - Generated: Someone found boring a movie!
2025-01-17 05:53:53,980 - INFO - Generated: Someone tried amazing a trick!
2025-01-17 05:53:56,982 - INFO - Generated: Someone found funny a trick!
2025-01-17 05:53:59,983 - INFO - Generated: Someone found boring a meme!
2025-01-17 05:54:02,986 - INFO - Generated: Someone saw weird a trick!
2025-01-17 05:54:05,987 - INFO - Generated: Someone tried boring a trick!
2025-01-17 05:54:09,075 - INFO - Generated: Someone loved amazing a story!
2025-01-17 05:54:12,095 - INFO - Generated: Someone tried funny a meme!
2025-01-17 05:54:15,099 - INFO - Generated: Someone tried funny a movie!
2025-01-17 05:54:18,101 - INFO - Generated: Someone loved funny a story!
2025-01-17 05:54:21,103 - INFO - Generated: Someone shared boring a trick!
2025-01-17 05:54:24,105 - INFO - Generated: Someone tried weird an app!
2025-01-17 05:54:27,106 - INFO - Generated: Someone tried funny a meme!
2025-01-17 05:54:30,108 - INFO - Generated: Someone loved funny a meme!
2025-01-17 05:54:33,108 - INFO - Generated: Someone loved weird a trick!
2025-01-17 05:54:36,111 - INFO - Generated: Someone loved exciting an app!
2025-01-17 05:54:39,113 - INFO - Generated: Someone shared boring a movie!
2025-01-17 05:54:42,115 - INFO - Generated: Someone saw exciting a trick!
2025-01-17 05:54:45,116 - INFO - Generated: Someone tried boring a story!
2025-01-17 05:54:48,117 - INFO - Generated: Someone saw exciting a movie!
2025-01-17 05:54:51,118 - INFO - Generated: Someone tried funny a story!
2025-01-17 05:54:54,119 - INFO - Generated: Someone found weird a story!
2025-01-17 05:54:57,120 - INFO - Generated: Someone shared amazing an app!
2025-01-17 05:55:00,120 - INFO - Generated: Someone tried exciting a movie!
2025-01-17 05:55:03,122 - INFO - Generated: Someone tried exciting a movie!
2025-01-17 05:55:06,123 - INFO - Generated: Someone found weird a movie!
2025-01-17 05:55:09,124 - INFO - Generated: Someone shared amazing a meme!
2025-01-17 05:55:12,124 - INFO - Generated: Someone tried funny a movie!
2025-01-17 05:55:15,126 - INFO - Generated: Someone found exciting a trick!
2025-01-17 05:55:18,127 - INFO - Generated: Someone loved exciting an app!
2025-01-17 05:55:21,129 - INFO - Generated: Someone found amazing a meme!
2025-01-17 05:55:24,131 - INFO - Generated: Someone shared boring a trick!
2025-01-17 05:55:27,134 - INFO - Generated: Someone loved amazing an app!
2025-01-17 05:55:30,134 - INFO - Generated: Someone tried boring a movie!
2025-01-17 05:55:33,136 - INFO - Generated: Someone shared boring a trick!
2025-01-17 05:55:36,138 - INFO - Generated: Someone saw weird a story!
2025-01-17 05:55:39,139 - INFO - Generated: Someone found boring a trick!
2025-01-17 05:55:42,141 - INFO - Generated: Someone found funny a movie!
2025-01-17 05:55:45,143 - INFO - Generated: Someone shared boring a meme!
2025-01-17 05:55:48,145 - INFO - Generated: Someone loved funny a meme!
2025-01-17 05:55:51,147 - INFO - Generated: Someone saw boring a story!
2025-01-17 05:55:54,148 - INFO - Generated: Someone loved amazing a trick!
2025-01-17 05:55:57,150 - INFO - Generated: Someone loved boring a trick!
2025-01-17 05:56:00,164 - INFO - Generated: Someone tried funny a movie!
2025-01-17 05:56:03,166 - INFO - Generated: Someone found amazing a story!
2025-01-17 05:56:06,167 - INFO - Generated: Someone shared boring a trick!
2025-01-17 05:56:09,169 - INFO - Generated: Someone saw funny an app!
2025-01-17 05:56:12,170 - INFO - Generated: Someone saw weird a meme!
2025-01-17 05:56:15,171 - INFO - Generated: Someone found amazing a story!
2025-01-17 05:56:18,173 - INFO - Generated: Someone found funny a meme!
2025-01-17 05:56:21,175 - INFO - Generated: Someone found funny an app!
2025-01-17 05:56:24,189 - INFO - Generated: Someone saw weird a movie!
2025-01-17 05:56:27,190 - INFO - Generated: Someone loved weird a story!
2025-01-17 05:56:30,192 - INFO - Generated: Someone tried boring a story!
2025-01-17 05:56:33,194 - INFO - Generated: Someone tried amazing a meme!
2025-01-17 05:56:36,195 - INFO - Generated: Someone shared amazing a story!
2025-01-17 05:56:39,197 - INFO - Generated: Someone saw funny a trick!
2025-01-17 05:56:42,198 - INFO - Generated: Someone tried weird a meme!
2025-01-17 05:56:45,200 - INFO - Generated: Someone loved boring a movie!
2025-01-17 05:56:48,201 - INFO - Generated: Someone found funny a trick!
2025-01-17 05:56:51,205 - INFO - Generated: Someone tried boring a trick!
2025-01-17 05:56:54,208 - INFO - Generated: Someone loved exciting a movie!
2025-01-17 05:56:57,209 - INFO - Generated: Someone shared boring an app!
2025-01-17 05:57:00,213 - INFO - Generated: Someone saw amazing an app!
2025-01-17 05:57:03,250 - INFO - Generated: Someone loved amazing a movie!
2025-01-17 05:57:06,252 - INFO - Generated: Someone saw amazing a trick!
2025-01-17 05:57:09,258 - INFO - Generated: Someone loved boring a trick!
2025-01-17 05:57:12,259 - INFO - Generated: Someone loved weird a movie!
2025-01-17 05:57:15,260 - INFO - Generated: Someone found exciting a trick!
2025-01-17 05:57:18,262 - INFO - Generated: Someone found boring a movie!
2025-01-17 05:57:21,263 - INFO - Generated: Someone tried funny an app!
2025-01-17 05:57:24,264 - INFO - Generated: Someone loved amazing a meme!
2025-01-17 05:57:27,265 - INFO - Generated: Someone found amazing an app!
2025-01-17 05:57:30,357 - INFO - Generated: Someone tried weird a trick!
2025-01-17 05:57:33,359 - INFO - Generated: Someone loved amazing an app!
2025-01-17 05:57:36,360 - INFO - Generated: Someone shared funny a story!
2025-01-17 05:57:39,366 - INFO - Generated: Someone shared amazing a meme!
2025-01-17 05:57:42,370 - INFO - Generated: Someone found funny a story!
2025-01-17 05:57:45,372 - INFO - Generated: Someone found amazing a meme!
2025-01-17 05:57:48,374 - INFO - Generated: Someone loved exciting a movie!
2025-01-17 05:57:51,376 - INFO - Generated: Someone saw amazing an app!
2025-01-17 05:57:54,382 - INFO - Generated: Someone shared exciting a meme!
2025-01-17 05:57:57,481 - INFO - Generated: Someone loved funny a trick!
2025-01-17 05:58:00,482 - INFO - Generated: Someone saw funny a trick!
2025-01-17 05:58:03,484 - INFO - Generated: Someone loved weird a meme!
2025-01-17 05:58:06,486 - INFO - Generated: Someone shared amazing a movie!
2025-01-17 05:58:09,487 - INFO - Generated: Someone shared exciting a story!
2025-01-17 05:58:12,488 - INFO - Generated: Someone shared amazing a movie!
2025-01-17 05:58:15,489 - INFO - Generated: Someone shared funny a story!
2025-01-17 05:58:18,491 - INFO - Generated: Someone saw exciting a movie!
2025-01-17 05:58:21,493 - INFO - Generated: Someone saw weird an app!
2025-01-17 05:58:24,498 - INFO - Generated: Someone found weird a meme!
2025-01-17 05:58:27,499 - INFO - Generated: Someone shared amazing a story!
2025-01-17 05:58:30,500 - INFO - Generated: Someone loved amazing a story!
2025-01-17 05:58:33,501 - INFO - Generated: Someone loved funny an app!
2025-01-17 05:58:36,503 - INFO - Generated: Someone found amazing a story!
2025-01-17 05:58:39,510 - INFO - Generated: Someone found exciting a trick!
2025-01-17 05:58:42,517 - INFO - Generated: Someone shared boring a movie!
2025-01-17 05:58:45,519 - INFO - Generated: Someone tried amazing a meme!
2025-01-17 05:58:48,570 - INFO - Generated: Someone tried boring an app!
2025-01-17 05:58:51,579 - INFO - Generated: Someone found amazing a meme!
2025-01-17 05:58:54,584 - INFO - Generated: Someone loved boring a trick!
2025-01-17 05:58:57,585 - INFO - Generated: Someone saw weird a story!
2025-01-17 05:59:00,587 - INFO - Generated: Someone saw weird a movie!
2025-01-17 05:59:03,587 - INFO - Generated: Someone found boring a story!
2025-01-17 05:59:06,589 - INFO - Generated: Someone tried weird a meme!
2025-01-17 05:59:09,591 - INFO - Generated: Someone loved boring an app!
2025-01-17 05:59:12,593 - INFO - Generated: Someone shared funny a story!
2025-01-17 05:59:15,594 - INFO - Generated: Someone loved exciting an app!
2025-01-17 05:59:18,595 - INFO - Generated: Someone shared boring a story!
2025-01-17 05:59:21,597 - INFO - Generated: Someone found exciting a meme!
2025-01-17 05:59:24,598 - INFO - Generated: Someone loved funny a meme!
2025-01-17 05:59:27,600 - INFO - Generated: Someone tried funny a trick!
2025-01-17 05:59:30,602 - INFO - Generated: Someone saw boring an app!
2025-01-17 05:59:33,603 - INFO - Generated: Someone found exciting an app!
2025-01-17 05:59:36,605 - INFO - Generated: Someone shared weird a trick!
2025-01-17 05:59:39,607 - INFO - Generated: Someone found funny an app!
2025-01-17 05:59:42,608 - INFO - Generated: Someone saw exciting a story!
2025-01-17 05:59:45,613 - INFO - Generated: Someone found weird a story!
2025-01-17 05:59:48,614 - INFO - Generated: Someone saw exciting a movie!
2025-01-17 05:59:51,618 - INFO - Generated: Someone loved funny an app!
2025-01-17 05:59:54,620 - INFO - Generated: Someone loved exciting an app!
2025-01-17 05:59:57,621 - INFO - Generated: Someone loved boring a story!
2025-01-17 06:00:00,624 - INFO - Generated: Someone shared boring a story!
2025-01-17 06:00:03,652 - INFO - Generated: Someone saw amazing a story!
2025-01-17 06:00:06,655 - INFO - Generated: Someone found exciting a trick!
2025-01-17 06:00:09,657 - INFO - Generated: Someone loved exciting a trick!
2025-01-17 06:00:12,658 - INFO - Generated: Someone found weird an app!
2025-01-17 06:00:15,660 - INFO - Generated: Someone loved amazing a trick!
2025-01-17 06:00:18,661 - INFO - Generated: Someone saw exciting a meme!
2025-01-17 06:00:21,663 - INFO - Generated: Someone saw amazing a meme!
2025-01-17 06:00:24,664 - INFO - Generated: Someone saw weird an app!
2025-01-17 06:00:27,666 - INFO - Generated: Someone shared funny an app!
2025-01-17 06:00:30,668 - INFO - Generated: Someone saw funny a story!
2025-01-17 06:00:33,669 - INFO - Generated: Someone found funny a movie!
2025-01-17 06:00:36,671 - INFO - Generated: Someone tried exciting an app!
2025-01-17 06:00:39,672 - INFO - Generated: Someone shared boring a story!
2025-01-17 06:00:42,673 - INFO - Generated: Someone saw boring a meme!
2025-01-17 06:00:45,674 - INFO - Generated: Someone loved exciting a story!
2025-01-17 06:00:48,676 - INFO - Generated: Someone found amazing a movie!
2025-01-17 06:00:51,677 - INFO - Generated: Someone found weird an app!
2025-01-17 06:00:54,701 - INFO - Generated: Someone found amazing a meme!
2025-01-17 06:00:57,714 - INFO - Generated: Someone found boring a movie!
2025-01-17 06:01:00,716 - INFO - Generated: Someone tried amazing a trick!
2025-01-17 06:01:03,717 - INFO - Generated: Someone found boring a movie!
2025-01-17 06:01:06,720 - INFO - Generated: Someone loved amazing a story!
2025-01-17 06:01:09,722 - INFO - Generated: Someone saw weird a story!
2025-01-17 06:01:12,723 - INFO - Generated: Someone tried weird an app!
2025-01-17 06:01:15,724 - INFO - Generated: Someone loved weird a movie!
2025-01-17 06:01:18,726 - INFO - Generated: Someone saw exciting an app!
2025-01-17 06:01:21,729 - INFO - Generated: Someone saw amazing a trick!
2025-01-17 06:01:24,734 - INFO - Generated: Someone saw boring a movie!
2025-01-17 06:01:27,737 - INFO - Generated: Someone tried exciting a meme!
2025-01-17 06:01:30,739 - INFO - Generated: Someone found amazing a meme!
2025-01-17 06:01:33,740 - INFO - Generated: Someone tried exciting a movie!
2025-01-17 06:01:36,742 - INFO - Generated: Someone tried exciting an app!
2025-01-17 06:01:39,744 - INFO - Generated: Someone found funny a meme!
2025-01-17 06:01:42,746 - INFO - Generated: Someone shared boring an app!
2025-01-17 06:01:45,748 - INFO - Generated: Someone saw exciting an app!
2025-01-17 06:01:48,750 - INFO - Generated: Someone loved weird a trick!
2025-01-17 06:01:51,752 - INFO - Generated: Someone found amazing a story!
2025-01-17 06:01:54,753 - INFO - Generated: Someone saw weird a story!
2025-01-17 06:01:57,761 - INFO - Generated: Someone tried funny an app!
2025-01-17 06:02:00,771 - INFO - Generated: Someone tried funny an app!
2025-01-17 06:02:03,773 - INFO - Generated: Someone found weird an app!
2025-01-17 06:02:06,774 - INFO - Generated: Someone saw funny an app!
2025-01-17 06:02:09,775 - INFO - Generated: Someone tried exciting an app!
2025-01-17 06:02:12,780 - INFO - Generated: Someone found boring a movie!
2025-01-17 06:02:15,782 - INFO - Generated: Someone shared amazing a trick!
2025-01-17 06:02:18,783 - INFO - Generated: Someone tried weird a story!
2025-01-17 06:02:21,785 - INFO - Generated: Someone tried exciting a meme!
2025-01-17 06:02:24,786 - INFO - Generated: Someone tried exciting a trick!
2025-01-17 06:02:27,788 - INFO - Generated: Someone tried amazing a meme!
2025-01-17 06:02:30,792 - INFO - Generated: Someone shared amazing a trick!
2025-01-17 06:02:33,794 - INFO - Generated: Someone shared exciting a trick!
2025-01-17 06:02:36,809 - INFO - Generated: Someone saw weird a meme!
2025-01-17 06:02:39,810 - INFO - Generated: Someone loved exciting a trick!
2025-01-17 06:02:42,814 - INFO - Generated: Someone shared boring a meme!
2025-01-17 06:02:45,820 - INFO - Generated: Someone loved funny a movie!
2025-01-17 06:02:48,821 - INFO - Generated: Someone tried funny an app!
2025-01-17 06:02:51,822 - INFO - Generated: Someone saw amazing a story!
2025-01-17 06:02:54,824 - INFO - Generated: Someone tried exciting a movie!
2025-01-17 06:02:57,825 - INFO - Generated: Someone tried boring a story!
2025-01-17 06:03:00,827 - INFO - Generated: Someone saw amazing a story!
2025-01-17 06:03:03,829 - INFO - Generated: Someone saw weird a meme!
2025-01-17 06:03:06,835 - INFO - Generated: Someone saw amazing an app!
2025-01-17 06:03:09,836 - INFO - Generated: Someone saw boring a trick!
2025-01-17 06:03:12,837 - INFO - Generated: Someone shared weird a story!
2025-01-17 06:03:15,838 - INFO - Generated: Someone saw exciting an app!
2025-01-17 06:03:18,839 - INFO - Generated: Someone saw weird a movie!
2025-01-17 06:03:21,842 - INFO - Generated: Someone tried boring a movie!
2025-01-17 06:03:24,843 - INFO - Generated: Someone shared weird a story!
2025-01-17 06:03:27,846 - INFO - Generated: Someone shared boring an app!
2025-01-17 06:03:30,851 - INFO - Generated: Someone found exciting an app!
2025-01-17 06:03:33,854 - INFO - Generated: Someone saw amazing a trick!
2025-01-17 06:03:36,858 - INFO - Generated: Someone shared boring a movie!
2025-01-17 06:03:39,859 - INFO - Generated: Someone shared weird a story!
2025-01-17 06:03:42,861 - INFO - Generated: Someone tried exciting an app!
2025-01-17 06:03:45,862 - INFO - Generated: Someone shared amazing an app!
2025-01-17 06:03:48,867 - INFO - Generated: Someone loved boring a story!
2025-01-17 06:03:51,870 - INFO - Generated: Someone shared boring an app!
2025-01-17 06:03:54,871 - INFO - Generated: Someone found boring a trick!
2025-01-17 06:03:57,873 - INFO - Generated: Someone shared weird a meme!
2025-01-17 06:04:00,874 - INFO - Generated: Someone tried boring a meme!
2025-01-17 06:04:03,876 - INFO - Generated: Someone found boring a meme!
2025-01-17 06:04:06,878 - INFO - Generated: Someone found weird a meme!
2025-01-17 06:04:09,898 - INFO - Generated: Someone tried boring a meme!
2025-01-17 06:04:12,899 - INFO - Generated: Someone tried funny a movie!
2025-01-17 06:04:15,916 - INFO - Generated: Someone found amazing a movie!
2025-01-17 06:04:18,918 - INFO - Generated: Someone found amazing a movie!
2025-01-17 06:04:21,931 - INFO - Generated: Someone saw funny a story!
2025-01-17 06:04:24,934 - INFO - Generated: Someone found weird a story!
2025-01-17 06:04:27,945 - INFO - Generated: Someone shared weird an app!
2025-01-17 06:04:30,946 - INFO - Generated: Someone found funny a meme!
2025-01-17 06:04:33,947 - INFO - Generated: Someone found boring an app!
2025-01-17 06:04:36,949 - INFO - Generated: Someone saw exciting a story!
2025-01-17 06:04:39,950 - INFO - Generated: Someone saw weird a story!
2025-01-17 06:04:42,952 - INFO - Generated: Someone saw boring a meme!
2025-01-17 06:04:45,956 - INFO - Generated: Someone tried amazing a meme!
2025-01-17 06:04:48,957 - INFO - Generated: Someone shared boring a meme!
2025-01-17 06:04:51,959 - INFO - Generated: Someone tried boring an app!
2025-01-17 06:04:54,964 - INFO - Generated: Someone loved amazing an app!
2025-01-17 06:04:57,965 - INFO - Generated: Someone saw amazing a movie!
2025-01-17 06:05:00,968 - INFO - Generated: Someone tried funny a story!
2025-01-17 06:05:03,971 - INFO - Generated: Someone tried boring an app!
2025-01-17 06:05:06,974 - INFO - Generated: Someone found weird a story!
2025-01-17 06:05:09,976 - INFO - Generated: Someone found boring a meme!
2025-01-17 06:05:12,978 - INFO - Generated: Someone found exciting a story!
2025-01-17 06:05:15,979 - INFO - Generated: Someone shared boring a meme!
2025-01-17 06:05:18,981 - INFO - Generated: Someone saw exciting a story!
2025-01-17 06:05:21,983 - INFO - Generated: Someone tried funny a movie!
2025-01-17 06:05:24,985 - INFO - Generated: Someone saw exciting a meme!
2025-01-17 06:05:27,987 - INFO - Generated: Someone loved exciting an app!
2025-01-17 06:05:30,989 - INFO - Generated: Someone loved exciting a story!
2025-01-17 06:05:33,995 - INFO - Generated: Someone saw weird a trick!
2025-01-17 06:05:36,997 - INFO - Generated: Someone found funny a meme!
2025-01-17 06:05:39,999 - INFO - Generated: Someone saw exciting a meme!
2025-01-17 06:05:43,001 - INFO - Generated: Someone loved boring an app!
2025-01-17 06:05:46,004 - INFO - Generated: Someone loved amazing an app!
2025-01-17 06:05:49,008 - INFO - Generated: Someone loved boring a trick!
2025-01-17 06:05:52,011 - INFO - Generated: Someone tried exciting a movie!
2025-01-17 06:05:55,013 - INFO - Generated: Someone shared amazing a trick!
2025-01-17 06:05:58,016 - INFO - Generated: Someone found amazing a trick!
2025-01-17 06:06:01,019 - INFO - Generated: Someone saw boring a meme!
2025-01-17 06:06:04,025 - INFO - Generated: Someone found exciting a movie!
2025-01-17 06:06:07,028 - INFO - Generated: Someone loved amazing an app!
2025-01-17 06:06:10,030 - INFO - Generated: Someone loved weird a story!
2025-01-17 06:06:13,031 - INFO - Generated: Someone loved amazing a movie!
2025-01-17 06:06:16,033 - INFO - Generated: Someone tried amazing a movie!
2025-01-17 06:06:19,036 - INFO - Generated: Someone saw exciting a story!
2025-01-17 06:06:22,039 - INFO - Generated: Someone found boring a story!
2025-01-17 06:06:25,042 - INFO - Generated: Someone shared funny a trick!
2025-01-17 06:06:28,044 - INFO - Generated: Someone shared boring a trick!
2025-01-17 06:06:31,045 - INFO - Generated: Someone tried exciting a meme!
2025-01-17 06:06:34,048 - INFO - Generated: Someone saw amazing a trick!
2025-01-17 06:06:37,051 - INFO - Generated: Someone loved weird a trick!
2025-01-17 06:06:40,052 - INFO - Generated: Someone tried exciting a movie!
2025-01-17 06:06:43,054 - INFO - Generated: Someone found boring an app!
2025-01-17 06:06:46,056 - INFO - Generated: Someone saw weird a meme!
2025-01-17 06:06:49,058 - INFO - Generated: Someone shared funny a movie!
2025-01-17 06:06:52,059 - INFO - Generated: Someone saw weird a story!
2025-01-17 06:06:55,060 - INFO - Generated: Someone found amazing a movie!
2025-01-17 06:06:58,061 - INFO - Generated: Someone saw funny a story!
2025-01-17 06:07:01,065 - INFO - Generated: Someone shared amazing an app!
2025-01-17 06:07:04,067 - INFO - Generated: Someone found weird an app!
2025-01-17 06:07:07,068 - INFO - Generated: Someone loved exciting a movie!
2025-01-17 06:07:10,069 - INFO - Generated: Someone saw exciting a trick!
2025-01-17 06:07:13,071 - INFO - Generated: Someone found funny an app!
2025-01-17 06:07:16,075 - INFO - Generated: Someone shared weird a story!
2025-01-17 06:07:19,077 - INFO - Generated: Someone tried weird a meme!
2025-01-17 06:07:22,080 - INFO - Generated: Someone loved weird a trick!
2025-01-17 06:07:25,081 - INFO - Generated: Someone shared funny a movie!
2025-01-17 06:07:28,088 - INFO - Generated: Someone shared amazing an app!
2025-01-17 06:07:31,089 - INFO - Generated: Someone loved amazing a meme!
2025-01-17 06:07:34,093 - INFO - Generated: Someone found amazing a meme!
2025-01-17 06:07:37,096 - INFO - Generated: Someone shared boring a meme!
2025-01-17 06:07:40,098 - INFO - Generated: Someone saw weird an app!
2025-01-17 06:07:43,102 - INFO - Generated: Someone shared funny a trick!
2025-01-17 06:07:46,104 - INFO - Generated: Someone found weird a meme!
2025-01-17 06:07:49,106 - INFO - Generated: Someone saw boring an app!
2025-01-17 06:07:52,107 - INFO - Generated: Someone found exciting an app!
2025-01-17 06:07:55,108 - INFO - Generated: Someone shared funny a trick!
2025-01-17 06:07:58,110 - INFO - Generated: Someone shared weird an app!
2025-01-17 06:08:01,111 - INFO - Generated: Someone found boring a movie!
2025-01-17 06:08:04,113 - INFO - Generated: Someone loved amazing a story!
2025-01-17 06:08:07,115 - INFO - Generated: Someone shared exciting a trick!
2025-01-17 06:08:10,116 - INFO - Generated: Someone saw funny a movie!
2025-01-17 06:08:13,117 - INFO - Generated: Someone shared weird a movie!
2025-01-17 06:08:16,119 - INFO - Generated: Someone found amazing an app!
2025-01-17 06:08:19,120 - INFO - Generated: Someone tried boring a trick!
2025-01-17 06:08:22,122 - INFO - Generated: Someone tried amazing a movie!
2025-01-17 06:08:25,125 - INFO - Generated: Someone shared amazing an app!
2025-01-17 06:08:28,126 - INFO - Generated: Someone found exciting a meme!
2025-01-17 06:08:31,127 - INFO - Generated: Someone tried amazing a trick!
2025-01-17 06:08:34,128 - INFO - Generated: Someone saw amazing a movie!
2025-01-17 06:08:37,129 - INFO - Generated: Someone saw boring an app!
2025-01-17 06:08:40,131 - INFO - Generated: Someone tried boring a movie!
2025-01-17 06:08:43,132 - INFO - Generated: Someone loved funny a trick!
2025-01-17 06:08:46,134 - INFO - Generated: Someone shared weird a trick!
2025-01-17 06:08:49,135 - INFO - Generated: Someone found funny an app!
2025-01-17 06:08:52,137 - INFO - Generated: Someone tried boring a movie!
2025-01-17 06:08:55,139 - INFO - Generated: Someone shared boring an app!
2025-01-17 06:08:58,140 - INFO - Generated: Someone found amazing a story!
2025-01-17 06:09:01,141 - INFO - Generated: Someone saw boring a trick!
2025-01-17 06:09:04,143 - INFO - Generated: Someone saw boring an app!
2025-01-17 06:09:07,147 - INFO - Generated: Someone tried boring a meme!
2025-01-17 06:09:10,149 - INFO - Generated: Someone shared amazing a trick!
2025-01-17 06:09:13,150 - INFO - Generated: Someone shared exciting an app!
2025-01-17 06:09:16,153 - INFO - Generated: Someone tried funny an app!
2025-01-17 06:09:19,159 - INFO - Generated: Someone shared weird a movie!
2025-01-17 06:09:22,162 - INFO - Generated: Someone saw boring a trick!
2025-01-17 06:09:25,163 - INFO - Generated: Someone shared weird a movie!
2025-01-17 06:09:28,164 - INFO - Generated: Someone saw exciting a trick!
2025-01-17 06:09:31,164 - INFO - Generated: Someone tried exciting a trick!
2025-01-17 06:09:34,166 - INFO - Generated: Someone tried funny a meme!
2025-01-17 06:09:37,167 - INFO - Generated: Someone loved exciting a movie!
2025-01-17 06:09:40,167 - INFO - Generated: Someone tried amazing a story!
2025-01-17 06:09:43,168 - INFO - Generated: Someone saw amazing a trick!
2025-01-17 06:09:46,170 - INFO - Generated: Someone tried amazing an app!
2025-01-17 06:09:49,172 - INFO - Generated: Someone loved funny an app!
2025-01-17 06:09:52,174 - INFO - Generated: Someone shared amazing a movie!
2025-01-17 06:09:55,174 - INFO - Generated: Someone found exciting a meme!
2025-01-17 06:09:58,176 - INFO - Generated: Someone found weird a trick!
2025-01-17 06:10:01,178 - INFO - Generated: Someone saw weird an app!
2025-01-17 06:10:04,179 - INFO - Generated: Someone loved weird a meme!
2025-01-17 06:10:07,180 - INFO - Generated: Someone loved exciting a movie!
2025-01-17 06:10:10,181 - INFO - Generated: Someone tried weird a meme!
2025-01-17 06:10:13,184 - INFO - Generated: Someone shared amazing a story!
2025-01-17 06:10:16,186 - INFO - Generated: Someone shared amazing a movie!
2025-01-17 06:10:19,187 - INFO - Generated: Someone found amazing a trick!
2025-01-17 06:10:22,189 - INFO - Generated: Someone tried weird a movie!
2025-01-17 06:10:25,191 - INFO - Generated: Someone saw exciting a story!
2025-01-17 06:10:28,192 - INFO - Generated: Someone tried weird a movie!
2025-01-17 06:10:31,299 - INFO - Generated: Someone found boring a story!
2025-01-17 06:10:34,311 - INFO - Generated: Someone loved boring a movie!
2025-01-17 06:10:37,313 - INFO - Generated: Someone found boring a meme!
2025-01-17 06:10:40,315 - INFO - Generated: Someone loved amazing a story!
2025-01-17 06:10:43,316 - INFO - Generated: Someone saw weird a meme!
2025-01-17 06:10:46,317 - INFO - Generated: Someone shared weird an app!
2025-01-17 06:10:49,318 - INFO - Generated: Someone found funny a story!
2025-01-17 06:10:52,320 - INFO - Generated: Someone tried funny a movie!
2025-01-17 06:10:55,321 - INFO - Generated: Someone loved amazing a trick!
2025-01-17 06:10:58,323 - INFO - Generated: Someone tried funny a meme!
2025-01-17 06:11:01,324 - INFO - Generated: Someone shared weird a movie!
2025-01-17 06:11:04,327 - INFO - Generated: Someone loved weird a trick!
2025-01-17 06:11:07,329 - INFO - Generated: Someone tried funny a story!
2025-01-17 06:11:10,331 - INFO - Generated: Someone tried exciting a meme!
2025-01-17 06:11:13,333 - INFO - Generated: Someone tried exciting a meme!
2025-01-17 06:11:16,335 - INFO - Generated: Someone saw funny a trick!
2025-01-17 06:11:19,337 - INFO - Generated: Someone loved boring a meme!
2025-01-17 06:11:22,339 - INFO - Generated: Someone saw weird a movie!
2025-01-17 06:11:25,340 - INFO - Generated: Someone found weird an app!
2025-01-17 06:11:28,342 - INFO - Generated: Someone found funny a meme!
2025-01-17 06:11:31,343 - INFO - Generated: Someone saw amazing a meme!
2025-01-17 06:11:34,344 - INFO - Generated: Someone saw boring a story!
2025-01-17 06:11:37,346 - INFO - Generated: Someone tried exciting a trick!
2025-01-17 06:11:40,347 - INFO - Generated: Someone saw exciting a meme!
2025-01-17 06:11:43,349 - INFO - Generated: Someone loved amazing a movie!
2025-01-17 06:11:46,351 - INFO - Generated: Someone shared boring a movie!
2025-01-17 06:11:49,352 - INFO - Generated: Someone loved amazing a meme!
2025-01-17 06:11:52,354 - INFO - Generated: Someone saw exciting a trick!
2025-01-17 06:11:55,355 - INFO - Generated: Someone shared amazing an app!
2025-01-17 06:11:58,356 - INFO - Generated: Someone loved exciting a trick!
2025-01-17 06:12:01,370 - INFO - Generated: Someone saw boring a trick!
2025-01-17 06:12:04,383 - INFO - Generated: Someone tried boring a movie!
2025-01-17 06:12:07,385 - INFO - Generated: Someone loved funny a story!
2025-01-17 06:12:10,386 - INFO - Generated: Someone tried amazing a movie!
2025-01-17 06:12:13,387 - INFO - Generated: Someone saw weird a meme!
2025-01-17 06:12:16,389 - INFO - Generated: Someone saw funny a movie!
2025-01-17 06:12:19,390 - INFO - Generated: Someone saw weird a movie!
2025-01-17 06:12:22,391 - INFO - Generated: Someone saw amazing a trick!
2025-01-17 06:12:25,392 - INFO - Generated: Someone loved funny an app!
2025-01-17 06:12:28,394 - INFO - Generated: Someone shared amazing an app!
2025-01-17 06:12:31,395 - INFO - Generated: Someone tried funny a story!
2025-01-17 06:12:34,396 - INFO - Generated: Someone shared amazing an app!
2025-01-17 06:12:37,398 - INFO - Generated: Someone saw boring a meme!
2025-01-17 06:12:40,398 - INFO - Generated: Someone loved funny a meme!
2025-01-17 06:12:43,401 - INFO - Generated: Someone saw exciting a story!
2025-01-17 06:12:46,402 - INFO - Generated: Someone shared exciting a trick!
2025-01-17 06:12:49,403 - INFO - Generated: Someone tried boring a meme!
2025-01-17 06:12:52,405 - INFO - Generated: Someone saw exciting a meme!
2025-01-17 06:12:55,406 - INFO - Generated: Someone shared weird a story!
2025-01-17 06:12:58,410 - INFO - Generated: Someone shared boring a movie!
2025-01-17 06:13:01,412 - INFO - Generated: Someone saw exciting an app!
2025-01-17 06:13:04,413 - INFO - Generated: Someone shared weird a trick!
2025-01-17 06:13:07,414 - INFO - Generated: Someone tried boring an app!
2025-01-17 06:13:10,416 - INFO - Generated: Someone loved exciting a story!
2025-01-17 06:13:13,418 - INFO - Generated: Someone shared boring a trick!
2025-01-17 06:13:16,421 - INFO - Generated: Someone tried amazing a trick!
2025-01-17 06:13:19,422 - INFO - Generated: Someone shared weird an app!
2025-01-17 06:13:22,424 - INFO - Generated: Someone found exciting a movie!
2025-01-17 06:13:25,425 - INFO - Generated: Someone found weird an app!
2025-01-17 06:13:28,427 - INFO - Generated: Someone found weird a trick!
2025-01-17 06:13:31,429 - INFO - Generated: Someone tried exciting an app!
2025-01-17 06:13:34,460 - INFO - Generated: Someone found weird a meme!
2025-01-17 06:13:37,485 - INFO - Generated: Someone found funny a movie!
2025-01-17 06:13:40,488 - INFO - Generated: Someone shared boring a meme!
2025-01-17 06:13:43,489 - INFO - Generated: Someone tried funny a meme!
2025-01-17 06:13:46,490 - INFO - Generated: Someone saw weird a movie!
2025-01-17 06:13:49,507 - INFO - Generated: Someone saw weird an app!
2025-01-17 06:13:52,527 - INFO - Generated: Someone found boring a movie!
2025-01-17 06:13:55,548 - INFO - Generated: Someone shared exciting a story!
2025-01-17 06:13:58,591 - INFO - Generated: Someone shared weird a trick!
2025-01-17 06:14:01,592 - INFO - Generated: Someone tried exciting a trick!
2025-01-17 06:14:04,593 - INFO - Generated: Someone found weird a story!
2025-01-17 06:14:07,594 - INFO - Generated: Someone shared weird a meme!
2025-01-17 06:14:10,595 - INFO - Generated: Someone saw boring a trick!
2025-01-17 06:14:13,596 - INFO - Generated: Someone shared funny an app!
2025-01-17 06:14:16,598 - INFO - Generated: Someone tried amazing a meme!
2025-01-17 06:14:19,607 - INFO - Generated: Someone loved weird a trick!
2025-01-17 06:14:22,614 - INFO - Generated: Someone loved boring a movie!
2025-01-17 06:14:25,615 - INFO - Generated: Someone saw funny a trick!
2025-01-17 06:14:28,616 - INFO - Generated: Someone found weird an app!
2025-01-17 06:14:31,618 - INFO - Generated: Someone tried boring a story!
2025-01-17 06:14:34,619 - INFO - Generated: Someone loved funny a trick!
2025-01-17 06:14:37,622 - INFO - Generated: Someone tried funny a movie!
2025-01-17 06:14:40,625 - INFO - Generated: Someone tried amazing a meme!
2025-01-17 06:14:43,632 - INFO - Generated: Someone tried exciting a meme!
2025-01-17 06:14:46,633 - INFO - Generated: Someone saw amazing a movie!
2025-01-17 06:14:49,635 - INFO - Generated: Someone found funny an app!
2025-01-17 06:14:52,638 - INFO - Generated: Someone shared weird a movie!
2025-01-17 06:14:55,639 - INFO - Generated: Someone shared funny a trick!
2025-01-17 06:14:58,640 - INFO - Generated: Someone found exciting a meme!
2025-01-17 06:15:01,643 - INFO - Generated: Someone found amazing a movie!
2025-01-17 06:15:04,645 - INFO - Generated: Someone saw funny an app!
2025-01-17 06:15:07,646 - INFO - Generated: Someone shared boring a meme!
2025-01-17 06:15:10,647 - INFO - Generated: Someone shared funny a story!
2025-01-17 06:15:13,648 - INFO - Generated: Someone saw exciting a meme!
2025-01-17 06:15:16,651 - INFO - Generated: Someone found amazing an app!
2025-01-17 06:15:19,651 - INFO - Generated: Someone loved funny a movie!
2025-01-17 06:15:22,653 - INFO - Generated: Someone tried weird a movie!
2025-01-17 06:15:25,654 - INFO - Generated: Someone loved boring a story!
2025-01-17 06:15:28,655 - INFO - Generated: Someone saw exciting an app!
2025-01-17 06:15:31,657 - INFO - Generated: Someone found weird a story!
2025-01-17 06:15:34,658 - INFO - Generated: Someone tried weird a meme!
2025-01-17 06:15:37,662 - INFO - Generated: Someone loved weird a movie!
2025-01-17 06:15:40,665 - INFO - Generated: Someone shared funny a story!
2025-01-17 06:15:43,666 - INFO - Generated: Someone found weird a trick!
2025-01-17 06:15:46,667 - INFO - Generated: Someone saw exciting a meme!
2025-01-17 06:15:49,727 - INFO - Generated: Someone found weird an app!
2025-01-17 06:15:52,729 - INFO - Generated: Someone tried funny a meme!
2025-01-17 06:15:55,730 - INFO - Generated: Someone saw boring a meme!
2025-01-17 06:15:58,731 - INFO - Generated: Someone saw amazing a movie!
2025-01-17 06:16:01,732 - INFO - Generated: Someone loved boring a story!
2025-01-17 06:16:04,733 - INFO - Generated: Someone loved exciting an app!
2025-01-17 06:16:07,734 - INFO - Generated: Someone tried amazing a movie!
2025-01-17 06:16:10,736 - INFO - Generated: Someone found funny a meme!
2025-01-17 06:16:13,737 - INFO - Generated: Someone loved exciting a story!
2025-01-17 06:16:16,738 - INFO - Generated: Someone tried funny a movie!
2025-01-17 06:16:19,740 - INFO - Generated: Someone loved amazing a movie!
2025-01-17 06:16:22,742 - INFO - Generated: Someone found weird a trick!
2025-01-17 06:16:25,743 - INFO - Generated: Someone shared funny a trick!
2025-01-17 06:16:28,745 - INFO - Generated: Someone tried weird a story!
2025-01-17 06:16:31,749 - INFO - Generated: Someone loved amazing a story!
2025-01-17 06:16:34,750 - INFO - Generated: Someone saw funny a story!
2025-01-17 06:16:37,752 - INFO - Generated: Someone tried funny a meme!
2025-01-17 06:16:40,753 - INFO - Generated: Someone loved amazing a movie!
2025-01-17 06:16:43,754 - INFO - Generated: Someone shared weird a story!
2025-01-17 06:16:46,755 - INFO - Generated: Someone saw weird a trick!
2025-01-17 06:16:49,756 - INFO - Generated: Someone found weird an app!
2025-01-17 06:16:52,758 - INFO - Generated: Someone loved amazing an app!
2025-01-17 06:16:55,759 - INFO - Generated: Someone shared boring a meme!
2025-01-17 06:16:58,760 - INFO - Generated: Someone tried exciting a trick!
2025-01-17 06:17:01,762 - INFO - Generated: Someone saw weird a meme!
