2025-01-17 06:44:00,203 - INFO - START...
2025-01-17 06:44:00,203 - INFO - Reading file located at ../producers/logs/producer_log.log.
2025-01-17 06:44:02,207 - INFO - Processed: 2025-01-17 06:44:01,249 - INFO - Generated: Someone loved amazing a story!
2025-01-17 06:44:05,212 - INFO - Processed: 2025-01-17 06:44:04,320 - INFO - Generated: Someone found boring a trick!
2025-01-17 06:44:08,215 - INFO - Processed: 2025-01-17 06:44:07,322 - INFO - Generated: Someone tried exciting a movie!
2025-01-17 06:44:11,219 - INFO - Processed: 2025-01-17 06:44:10,323 - INFO - Generated: Someone shared funny a story!
2025-01-17 06:44:14,244 - INFO - Processed: 2025-01-17 06:44:13,325 - INFO - Generated: Someone tried weird a meme!
2025-01-17 06:44:17,248 - INFO - Processed: 2025-01-17 06:44:16,327 - INFO - Generated: Someone saw boring a trick!
2025-01-17 06:44:20,251 - INFO - Processed: 2025-01-17 06:44:19,329 - INFO - Generated: Someone shared exciting a meme!
2025-01-17 06:44:23,254 - INFO - Processed: 2025-01-17 06:44:22,330 - INFO - Generated: Someone found boring a movie!
2025-01-17 06:44:26,256 - INFO - Processed: 2025-01-17 06:44:25,334 - INFO - Generated: Someone shared weird a meme!
2025-01-17 06:44:29,261 - INFO - Processed: 2025-01-17 06:44:28,336 - INFO - Generated: Someone loved boring a movie!
2025-01-17 06:44:32,264 - INFO - Processed: 2025-01-17 06:44:31,338 - INFO - Generated: Someone tried funny a story!
2025-01-17 06:44:35,267 - INFO - Processed: 2025-01-17 06:44:34,340 - INFO - Generated: Someone found exciting an app!
2025-01-17 06:44:38,271 - INFO - Processed: 2025-01-17 06:44:37,341 - INFO - Generated: Someone saw boring a movie!
2025-01-17 06:44:41,274 - INFO - Processed: 2025-01-17 06:44:40,346 - INFO - Generated: Someone saw funny a story!
2025-01-17 06:44:44,298 - INFO - Processed: 2025-01-17 06:44:43,348 - INFO - Generated: Someone shared amazing a meme!
2025-01-17 06:44:47,320 - INFO - Processed: 2025-01-17 06:44:46,350 - INFO - Generated: Someone saw amazing a story!
2025-01-17 06:44:50,323 - INFO - Processed: 2025-01-17 06:44:49,351 - INFO - Generated: Someone found weird a story!
2025-01-17 06:44:52,393 - INFO - Processed: 2025-01-17 06:44:52,381 - INFO - Generated: Someone shared weird a meme!
2025-01-17 06:44:55,400 - INFO - Processed: 2025-01-17 06:44:55,399 - INFO - Generated: Someone found funny an app!
2025-01-17 06:44:58,402 - INFO - Processed: 2025-01-17 06:44:58,401 - INFO - Generated: Someone shared boring a meme!
2025-01-17 06:45:01,405 - INFO - Processed: 2025-01-17 06:45:01,402 - INFO - Generated: Someone saw exciting a movie!
2025-01-17 06:45:04,407 - INFO - Processed: 2025-01-17 06:45:04,403 - INFO - Generated: Someone saw funny a meme!
2025-01-17 06:45:07,480 - INFO - Processed: 2025-01-17 06:45:07,404 - INFO - Generated: Someone loved funny a trick!
2025-01-17 06:45:10,499 - INFO - Processed: 2025-01-17 06:45:10,406 - INFO - Generated: Someone saw amazing a story!
2025-01-17 06:45:13,502 - INFO - Processed: 2025-01-17 06:45:13,407 - INFO - Generated: Someone loved boring a movie!
2025-01-17 06:45:16,508 - INFO - Processed: 2025-01-17 06:45:16,409 - INFO - Generated: Someone loved boring an app!
2025-01-17 06:45:19,509 - INFO - Processed: 2025-01-17 06:45:19,410 - INFO - Generated: Someone saw funny a meme!
2025-01-17 06:45:22,543 - INFO - Processed: 2025-01-17 06:45:22,413 - INFO - Generated: Someone saw boring a trick!
2025-01-17 06:45:25,547 - INFO - Processed: 2025-01-17 06:45:25,415 - INFO - Generated: Someone loved weird a story!
2025-01-17 06:45:28,565 - INFO - Processed: 2025-01-17 06:45:28,417 - INFO - Generated: Someone loved exciting an app!
2025-01-17 06:45:31,571 - INFO - Processed: 2025-01-17 06:45:31,419 - INFO - Generated: Someone loved weird an app!
2025-01-17 06:45:34,573 - INFO - Processed: 2025-01-17 06:45:34,419 - INFO - Generated: Someone found weird a trick!
2025-01-17 06:45:37,575 - INFO - Processed: 2025-01-17 06:45:37,420 - INFO - Generated: Someone saw exciting a trick!
2025-01-17 06:45:40,577 - INFO - Processed: 2025-01-17 06:45:40,422 - INFO - Generated: Someone found amazing a story!
2025-01-17 06:45:43,582 - INFO - Processed: 2025-01-17 06:45:43,423 - INFO - Generated: Someone loved funny a story!
2025-01-17 06:45:46,585 - INFO - Processed: 2025-01-17 06:45:46,424 - INFO - Generated: Someone shared boring an app!
2025-01-17 06:45:49,606 - INFO - Processed: 2025-01-17 06:45:49,426 - INFO - Generated: Someone tried boring a trick!
2025-01-17 06:45:52,610 - INFO - Processed: 2025-01-17 06:45:52,429 - INFO - Generated: Someone saw amazing a movie!
2025-01-17 06:45:55,611 - INFO - Processed: 2025-01-17 06:45:55,433 - INFO - Generated: Someone shared weird a meme!
2025-01-17 06:45:58,615 - INFO - Processed: 2025-01-17 06:45:58,435 - INFO - Generated: Someone found amazing a trick!
2025-01-17 06:46:01,622 - INFO - Processed: 2025-01-17 06:46:01,437 - INFO - Generated: Someone loved funny a trick!
2025-01-17 06:46:04,624 - INFO - Processed: 2025-01-17 06:46:04,438 - INFO - Generated: Someone saw exciting an app!
2025-01-17 06:46:07,628 - INFO - Processed: 2025-01-17 06:46:07,439 - INFO - Generated: Someone saw boring a movie!
2025-01-17 06:46:10,631 - INFO - Processed: 2025-01-17 06:46:10,441 - INFO - Generated: Someone saw boring a story!
2025-01-17 06:46:13,638 - INFO - Processed: 2025-01-17 06:46:13,443 - INFO - Generated: Someone tried amazing a meme!
2025-01-17 06:46:16,641 - INFO - Processed: 2025-01-17 06:46:16,444 - INFO - Generated: Someone found weird a meme!
2025-01-17 06:46:19,644 - INFO - Processed: 2025-01-17 06:46:19,446 - INFO - Generated: Someone loved weird a trick!
2025-01-17 06:46:22,646 - INFO - Processed: 2025-01-17 06:46:22,448 - INFO - Generated: Someone shared weird a story!
2025-01-17 06:46:25,647 - INFO - Processed: 2025-01-17 06:46:25,449 - INFO - Generated: Someone loved funny a trick!
2025-01-17 06:46:28,653 - INFO - Processed: 2025-01-17 06:46:28,452 - INFO - Generated: Someone saw funny a meme!
2025-01-17 06:46:31,659 - INFO - Processed: 2025-01-17 06:46:31,454 - INFO - Generated: Someone shared weird a movie!
2025-01-17 06:46:34,664 - INFO - Processed: 2025-01-17 06:46:34,456 - INFO - Generated: Someone shared amazing an app!
2025-01-17 06:46:37,668 - INFO - Processed: 2025-01-17 06:46:37,457 - INFO - Generated: Someone loved funny an app!
2025-01-17 06:46:40,670 - INFO - Processed: 2025-01-17 06:46:40,461 - INFO - Generated: Someone saw weird a meme!
2025-01-17 06:46:43,673 - INFO - Processed: 2025-01-17 06:46:43,463 - INFO - Generated: Someone found amazing an app!
2025-01-17 06:46:46,677 - INFO - Processed: 2025-01-17 06:46:46,465 - INFO - Generated: Someone saw exciting a trick!
2025-01-17 06:46:49,680 - INFO - Processed: 2025-01-17 06:46:49,466 - INFO - Generated: Someone shared funny a meme!
2025-01-17 06:46:52,686 - INFO - Processed: 2025-01-17 06:46:52,471 - INFO - Generated: Someone tried boring an app!
2025-01-17 06:46:55,691 - INFO - Processed: 2025-01-17 06:46:55,474 - INFO - Generated: Someone tried funny a movie!
2025-01-17 06:46:58,694 - INFO - Processed: 2025-01-17 06:46:58,477 - INFO - Generated: Someone tried funny an app!
2025-01-17 06:47:01,699 - INFO - Processed: 2025-01-17 06:47:01,483 - INFO - Generated: Someone loved funny a movie!
2025-01-17 06:47:04,704 - INFO - Processed: 2025-01-17 06:47:04,488 - INFO - Generated: Someone tried boring a trick!
2025-01-17 06:47:07,709 - INFO - Processed: 2025-01-17 06:47:07,489 - INFO - Generated: Someone found boring a story!
2025-01-17 06:47:10,711 - INFO - Processed: 2025-01-17 06:47:10,491 - INFO - Generated: Someone loved weird a movie!
2025-01-17 06:47:13,716 - INFO - Processed: 2025-01-17 06:47:13,492 - INFO - Generated: Someone loved funny an app!
2025-01-17 06:47:16,723 - INFO - Processed: 2025-01-17 06:47:16,494 - INFO - Generated: Someone saw funny a trick!
2025-01-17 06:47:19,725 - INFO - Processed: 2025-01-17 06:47:19,496 - INFO - Generated: Someone loved funny a story!
2025-01-17 06:47:22,727 - INFO - Processed: 2025-01-17 06:47:22,497 - INFO - Generated: Someone shared boring a movie!
2025-01-17 06:47:25,731 - INFO - Processed: 2025-01-17 06:47:25,500 - INFO - Generated: Someone found weird a movie!
2025-01-17 06:47:28,734 - INFO - Processed: 2025-01-17 06:47:28,504 - INFO - Generated: Someone loved funny a story!
2025-01-17 06:47:31,745 - INFO - Processed: 2025-01-17 06:47:31,512 - INFO - Generated: Someone loved weird a movie!
2025-01-17 06:47:34,759 - INFO - Processed: 2025-01-17 06:47:34,517 - INFO - Generated: Someone tried boring a movie!
2025-01-17 06:47:37,765 - INFO - Processed: 2025-01-17 06:47:37,519 - INFO - Generated: Someone loved amazing a trick!
2025-01-17 06:47:40,767 - INFO - Processed: 2025-01-17 06:47:40,521 - INFO - Generated: Someone loved exciting an app!
2025-01-17 06:47:43,805 - INFO - Processed: 2025-01-17 06:47:43,523 - INFO - Generated: Someone saw funny a trick!
2025-01-17 06:47:46,807 - INFO - Processed: 2025-01-17 06:47:46,524 - INFO - Generated: Someone shared boring a trick!
2025-01-17 06:47:49,808 - INFO - Processed: 2025-01-17 06:47:49,526 - INFO - Generated: Someone found exciting an app!
2025-01-17 06:47:52,813 - INFO - Processed: 2025-01-17 06:47:52,529 - INFO - Generated: Someone shared amazing a story!
2025-01-17 06:47:55,816 - INFO - Processed: 2025-01-17 06:47:55,530 - INFO - Generated: Someone loved exciting a story!
2025-01-17 06:47:58,818 - INFO - Processed: 2025-01-17 06:47:58,532 - INFO - Generated: Someone tried weird a story!
2025-01-17 06:48:01,820 - INFO - Processed: 2025-01-17 06:48:01,536 - INFO - Generated: Someone shared amazing a trick!
2025-01-17 06:48:04,824 - INFO - Processed: 2025-01-17 06:48:04,537 - INFO - Generated: Someone found exciting a meme!
2025-01-17 06:48:07,834 - INFO - Processed: 2025-01-17 06:48:07,539 - INFO - Generated: Someone loved boring a movie!
2025-01-17 06:48:10,843 - INFO - Processed: 2025-01-17 06:48:10,541 - INFO - Generated: Someone saw funny a meme!
2025-01-17 06:48:13,846 - INFO - Processed: 2025-01-17 06:48:13,542 - INFO - Generated: Someone found funny a movie!
2025-01-17 06:48:16,850 - INFO - Processed: 2025-01-17 06:48:16,543 - INFO - Generated: Someone loved exciting an app!
2025-01-17 06:48:19,852 - INFO - Processed: 2025-01-17 06:48:19,545 - INFO - Generated: Someone found exciting a trick!
2025-01-17 06:48:22,857 - INFO - Processed: 2025-01-17 06:48:22,546 - INFO - Generated: Someone saw exciting a trick!
2025-01-17 06:48:25,858 - INFO - Processed: 2025-01-17 06:48:25,547 - INFO - Generated: Someone saw exciting a story!
2025-01-17 06:48:28,861 - INFO - Processed: 2025-01-17 06:48:28,549 - INFO - Generated: Someone tried funny a meme!
2025-01-17 06:48:31,879 - INFO - Processed: 2025-01-17 06:48:31,583 - INFO - Generated: Someone shared exciting a meme!
2025-01-17 06:48:34,881 - INFO - Processed: 2025-01-17 06:48:34,585 - INFO - Generated: Someone tried funny a movie!
2025-01-17 06:48:37,885 - INFO - Processed: 2025-01-17 06:48:37,586 - INFO - Generated: Someone saw boring a story!
2025-01-17 06:48:40,887 - INFO - Processed: 2025-01-17 06:48:40,587 - INFO - Generated: Someone shared boring an app!
2025-01-17 06:48:43,889 - INFO - Processed: 2025-01-17 06:48:43,593 - INFO - Generated: Someone found funny a movie!
2025-01-17 06:48:46,892 - INFO - Processed: 2025-01-17 06:48:46,594 - INFO - Generated: Someone shared exciting a story!
2025-01-17 06:48:49,895 - INFO - Processed: 2025-01-17 06:48:49,613 - INFO - Generated: Someone found exciting a movie!
2025-01-17 06:48:52,898 - INFO - Processed: 2025-01-17 06:48:52,615 - INFO - Generated: Someone loved exciting a meme!
2025-01-17 06:48:55,900 - INFO - Processed: 2025-01-17 06:48:55,616 - INFO - Generated: Someone saw weird a trick!
2025-01-17 06:48:58,902 - INFO - Processed: 2025-01-17 06:48:58,617 - INFO - Generated: Someone found amazing a movie!
2025-01-17 06:49:01,953 - INFO - Processed: 2025-01-17 06:49:01,618 - INFO - Generated: Someone found weird a meme!
2025-01-17 06:49:04,957 - INFO - Processed: 2025-01-17 06:49:04,620 - INFO - Generated: Someone saw funny a trick!
2025-01-17 06:49:07,968 - INFO - Processed: 2025-01-17 06:49:07,622 - INFO - Generated: Someone shared funny a movie!
2025-01-17 06:49:10,973 - INFO - Processed: 2025-01-17 06:49:10,623 - INFO - Generated: Someone found weird a story!
2025-01-17 06:49:13,976 - INFO - Processed: 2025-01-17 06:49:13,628 - INFO - Generated: Someone shared weird a movie!
2025-01-17 06:49:16,979 - INFO - Processed: 2025-01-17 06:49:16,631 - INFO - Generated: Someone found weird a trick!
2025-01-17 06:49:19,996 - INFO - Processed: 2025-01-17 06:49:19,632 - INFO - Generated: Someone loved funny an app!
2025-01-17 06:49:22,999 - INFO - Processed: 2025-01-17 06:49:22,633 - INFO - Generated: Someone found boring a movie!
2025-01-17 06:49:26,012 - INFO - Processed: 2025-01-17 06:49:25,640 - INFO - Generated: Someone shared weird an app!
2025-01-17 06:49:29,017 - INFO - Processed: 2025-01-17 06:49:28,644 - INFO - Generated: Someone saw weird an app!
2025-01-17 06:49:32,024 - INFO - Processed: 2025-01-17 06:49:31,645 - INFO - Generated: Someone saw funny a story!
2025-01-17 06:49:35,032 - INFO - Processed: 2025-01-17 06:49:34,647 - INFO - Generated: Someone shared funny an app!
2025-01-17 06:49:38,040 - INFO - Processed: 2025-01-17 06:49:37,648 - INFO - Generated: Someone found boring a trick!
2025-01-17 06:49:41,078 - INFO - Processed: 2025-01-17 06:49:40,649 - INFO - Generated: Someone shared weird an app!
2025-01-17 06:49:44,081 - INFO - Processed: 2025-01-17 06:49:43,650 - INFO - Generated: Someone loved amazing a meme!
2025-01-17 06:49:47,084 - INFO - Processed: 2025-01-17 06:49:46,652 - INFO - Generated: Someone shared amazing a story!
2025-01-17 06:49:50,088 - INFO - Processed: 2025-01-17 06:49:49,653 - INFO - Generated: Someone found weird an app!
2025-01-17 06:49:53,089 - INFO - Processed: 2025-01-17 06:49:52,656 - INFO - Generated: Someone found weird a movie!
2025-01-17 06:49:56,123 - INFO - Processed: 2025-01-17 06:49:55,656 - INFO - Generated: Someone loved funny a trick!
2025-01-17 06:49:59,129 - INFO - Processed: 2025-01-17 06:49:58,657 - INFO - Generated: Someone saw exciting a trick!
2025-01-17 06:50:02,133 - INFO - Processed: 2025-01-17 06:50:01,658 - INFO - Generated: Someone found amazing a movie!
2025-01-17 06:50:05,135 - INFO - Processed: 2025-01-17 06:50:04,659 - INFO - Generated: Someone found weird an app!
2025-01-17 06:50:08,137 - INFO - Processed: 2025-01-17 06:50:07,661 - INFO - Generated: Someone saw amazing a meme!
2025-01-17 06:50:11,139 - INFO - Processed: 2025-01-17 06:50:10,662 - INFO - Generated: Someone shared boring a trick!
2025-01-17 06:50:14,142 - INFO - Processed: 2025-01-17 06:50:13,675 - INFO - Generated: Someone loved funny a story!
2025-01-17 06:50:17,143 - INFO - Processed: 2025-01-17 06:50:16,683 - INFO - Generated: Someone loved boring a movie!
2025-01-17 06:50:20,146 - INFO - Processed: 2025-01-17 06:50:19,685 - INFO - Generated: Someone tried amazing a movie!
2025-01-17 06:50:23,148 - INFO - Processed: 2025-01-17 06:50:22,687 - INFO - Generated: Someone tried amazing a movie!
2025-01-17 06:50:26,151 - INFO - Processed: 2025-01-17 06:50:25,688 - INFO - Generated: Someone shared funny a meme!
2025-01-17 06:50:29,157 - INFO - Processed: 2025-01-17 06:50:28,691 - INFO - Generated: Someone loved amazing a movie!
2025-01-17 06:50:32,160 - INFO - Processed: 2025-01-17 06:50:31,692 - INFO - Generated: Someone tried exciting a meme!
2025-01-17 06:50:35,164 - INFO - Processed: 2025-01-17 06:50:34,693 - INFO - Generated: Someone shared amazing a movie!
2025-01-17 06:50:38,172 - INFO - Processed: 2025-01-17 06:50:37,694 - INFO - Generated: Someone found boring a meme!
2025-01-17 06:50:41,174 - INFO - Processed: 2025-01-17 06:50:40,695 - INFO - Generated: Someone shared weird a meme!
2025-01-17 06:50:44,195 - INFO - Processed: 2025-01-17 06:50:43,696 - INFO - Generated: Someone shared boring a trick!
2025-01-17 06:50:47,202 - INFO - Processed: 2025-01-17 06:50:46,697 - INFO - Generated: Someone shared weird an app!
2025-01-17 06:50:50,203 - INFO - Processed: 2025-01-17 06:50:49,700 - INFO - Generated: Someone tried exciting a trick!
2025-01-17 06:50:53,206 - INFO - Processed: 2025-01-17 06:50:52,701 - INFO - Generated: Someone loved exciting a meme!
2025-01-17 06:50:56,208 - INFO - Processed: 2025-01-17 06:50:55,706 - INFO - Generated: Someone tried amazing a movie!
2025-01-17 06:50:59,211 - INFO - Processed: 2025-01-17 06:50:58,711 - INFO - Generated: Someone shared funny a movie!
2025-01-17 06:51:02,213 - INFO - Processed: 2025-01-17 06:51:01,712 - INFO - Generated: Someone loved amazing a trick!
2025-01-17 06:51:05,219 - INFO - Processed: 2025-01-17 06:51:04,714 - INFO - Generated: Someone shared amazing a meme!
2025-01-17 06:51:08,223 - INFO - Processed: 2025-01-17 06:51:07,715 - INFO - Generated: Someone saw funny an app!
2025-01-17 06:51:11,226 - INFO - Processed: 2025-01-17 06:51:10,716 - INFO - Generated: Someone shared amazing a story!
2025-01-17 06:51:14,245 - INFO - Processed: 2025-01-17 06:51:13,718 - INFO - Generated: Someone saw funny a movie!
2025-01-17 06:51:17,247 - INFO - Processed: 2025-01-17 06:51:16,720 - INFO - Generated: Someone found exciting a story!
2025-01-17 06:51:20,252 - INFO - Processed: 2025-01-17 06:51:19,722 - INFO - Generated: Someone found weird an app!
2025-01-17 06:51:23,289 - INFO - Processed: 2025-01-17 06:51:22,735 - INFO - Generated: Someone loved funny a trick!
2025-01-17 06:51:26,292 - INFO - Processed: 2025-01-17 06:51:25,736 - INFO - Generated: Someone shared exciting a movie!
2025-01-17 06:51:29,305 - INFO - Processed: 2025-01-17 06:51:28,737 - INFO - Generated: Someone loved weird a meme!
2025-01-17 06:51:32,307 - INFO - Processed: 2025-01-17 06:51:31,742 - INFO - Generated: Someone saw weird a story!
2025-01-17 06:51:35,311 - INFO - Processed: 2025-01-17 06:51:34,743 - INFO - Generated: Someone tried amazing a story!
2025-01-17 06:51:38,314 - INFO - Processed: 2025-01-17 06:51:37,762 - INFO - Generated: Someone loved funny a movie!
2025-01-17 06:51:41,316 - INFO - Processed: 2025-01-17 06:51:40,763 - INFO - Generated: Someone saw exciting a meme!
2025-01-17 06:51:44,329 - INFO - Processed: 2025-01-17 06:51:43,766 - INFO - Generated: Someone found funny an app!
2025-01-17 06:51:47,331 - INFO - Processed: 2025-01-17 06:51:46,767 - INFO - Generated: Someone shared exciting an app!
2025-01-17 06:51:50,333 - INFO - Processed: 2025-01-17 06:51:49,772 - INFO - Generated: Someone saw boring an app!
2025-01-17 06:51:53,336 - INFO - Processed: 2025-01-17 06:51:52,772 - INFO - Generated: Someone loved funny a trick!
2025-01-17 06:51:56,340 - INFO - Processed: 2025-01-17 06:51:55,774 - INFO - Generated: Someone tried weird a movie!
2025-01-17 06:51:59,351 - INFO - Processed: 2025-01-17 06:51:58,776 - INFO - Generated: Someone found funny a movie!
2025-01-17 06:52:02,356 - INFO - Processed: 2025-01-17 06:52:01,777 - INFO - Generated: Someone tried amazing a meme!
2025-01-17 06:52:05,362 - INFO - Processed: 2025-01-17 06:52:04,778 - INFO - Generated: Someone tried exciting a trick!
2025-01-17 06:52:08,364 - INFO - Processed: 2025-01-17 06:52:07,779 - INFO - Generated: Someone loved weird a story!
2025-01-17 06:52:11,388 - INFO - Processed: 2025-01-17 06:52:10,781 - INFO - Generated: Someone tried weird a meme!
2025-01-17 06:52:14,392 - INFO - Processed: 2025-01-17 06:52:13,783 - INFO - Generated: Someone loved exciting a trick!
2025-01-17 06:52:17,395 - INFO - Processed: 2025-01-17 06:52:16,784 - INFO - Generated: Someone tried weird a trick!
2025-01-17 06:52:20,397 - INFO - Processed: 2025-01-17 06:52:19,785 - INFO - Generated: Someone tried exciting a story!
2025-01-17 06:52:23,400 - INFO - Processed: 2025-01-17 06:52:22,786 - INFO - Generated: Someone loved funny a trick!
2025-01-17 06:52:26,411 - INFO - Processed: 2025-01-17 06:52:25,786 - INFO - Generated: Someone loved exciting a meme!
2025-01-17 06:52:29,413 - INFO - Processed: 2025-01-17 06:52:28,787 - INFO - Generated: Someone shared exciting a movie!
2025-01-17 06:52:32,415 - INFO - Processed: 2025-01-17 06:52:31,789 - INFO - Generated: Someone shared boring a meme!
2025-01-17 06:52:35,418 - INFO - Processed: 2025-01-17 06:52:34,789 - INFO - Generated: Someone tried boring a movie!
2025-01-17 06:52:38,424 - INFO - Processed: 2025-01-17 06:52:37,791 - INFO - Generated: Someone tried amazing a meme!
2025-01-17 06:52:41,427 - INFO - Processed: 2025-01-17 06:52:40,792 - INFO - Generated: Someone saw funny a story!
2025-01-17 06:52:44,430 - INFO - Processed: 2025-01-17 06:52:43,794 - INFO - Generated: Someone found amazing a movie!
2025-01-17 06:52:47,434 - INFO - Processed: 2025-01-17 06:52:46,795 - INFO - Generated: Someone shared funny a trick!
2025-01-17 06:52:50,438 - INFO - Processed: 2025-01-17 06:52:49,797 - INFO - Generated: Someone shared funny a movie!
2025-01-17 06:52:53,445 - INFO - Processed: 2025-01-17 06:52:52,799 - INFO - Generated: Someone shared weird a meme!
2025-01-17 06:52:56,447 - INFO - Processed: 2025-01-17 06:52:55,800 - INFO - Generated: Someone loved exciting a meme!
2025-01-17 06:52:59,448 - INFO - Processed: 2025-01-17 06:52:58,801 - INFO - Generated: Someone tried funny a movie!
2025-01-17 06:53:02,451 - INFO - Processed: 2025-01-17 06:53:01,803 - INFO - Generated: Someone tried exciting a story!
2025-01-17 06:53:05,454 - INFO - Processed: 2025-01-17 06:53:04,804 - INFO - Generated: Someone tried amazing a meme!
2025-01-17 06:53:08,470 - INFO - Processed: 2025-01-17 06:53:07,806 - INFO - Generated: Someone tried funny a story!
2025-01-17 06:53:11,492 - INFO - Processed: 2025-01-17 06:53:10,807 - INFO - Generated: Someone saw exciting a story!
2025-01-17 06:53:14,495 - INFO - Processed: 2025-01-17 06:53:13,809 - INFO - Generated: Someone tried boring a meme!
2025-01-17 06:53:17,498 - INFO - Processed: 2025-01-17 06:53:16,810 - INFO - Generated: Someone found exciting a story!
2025-01-17 06:53:20,502 - INFO - Processed: 2025-01-17 06:53:19,811 - INFO - Generated: Someone found weird an app!
2025-01-17 06:53:23,511 - INFO - Processed: 2025-01-17 06:53:22,812 - INFO - Generated: Someone shared weird a story!
2025-01-17 06:53:26,519 - INFO - Processed: 2025-01-17 06:53:25,813 - INFO - Generated: Someone found boring a trick!
2025-01-17 06:53:29,522 - INFO - Processed: 2025-01-17 06:53:28,814 - INFO - Generated: Someone saw exciting a story!
2025-01-17 06:53:32,523 - INFO - Processed: 2025-01-17 06:53:31,854 - INFO - Generated: Someone found funny a movie!
2025-01-17 06:53:35,529 - INFO - Processed: 2025-01-17 06:53:34,855 - INFO - Generated: Someone tried exciting an app!
